(0000) 3000  0011000000000000 (   1)                 .ORIG x3000
(3000) E007  1110000000000111 (   3)                 LEA   R0 array
(3001) 2205  0010001000000101 (   4)                 LD    R1 size
(3002) 482E  0100100000101110 (   5)                 JSR   SORT
(3003) E019  1110000000011001 (   8)                 LEA   R0 array2
(3004) 2217  0010001000010111 (   9)                 LD    R1 size2
(3005) 482B  0100100000101011 (  10)                 JSR   SORT
(3006) F025  1111000000100101 (  12)                 TRAP  x25
(3007) 0014  0000000000010100 (  16) size            .FILL x0014
(3008) FFE6  1111111111100110 (  17) array           .FILL xFFE6
(3009) 0021  0000000000100001 (  18)                 .FILL x0021
(300A) FFC5  1111111111000101 (  19)                 .FILL xFFC5
(300B) FFEF  1111111111101111 (  20)                 .FILL xFFEF
(300C) 0000  0000000000000000 (  21)                 .FILL x0000
(300D) 0001  0000000000000001 (  22)                 .FILL x0001
(300E) FFFF  1111111111111111 (  23)                 .FILL xFFFF
(300F) 0020  0000000000100000 (  24)                 .FILL x0020
(3010) 00EB  0000000011101011 (  25)                 .FILL x00EB
(3011) FFCF  1111111111001111 (  26)                 .FILL xFFCF
(3012) 0007  0000000000000111 (  27)                 .FILL x0007
(3013) FF9E  1111111110011110 (  28)                 .FILL xFF9E
(3014) 0009  0000000000001001 (  29)                 .FILL x0009
(3015) 0240  0000001001000000 (  30)                 .FILL x0240
(3016) 0017  0000000000010111 (  31)                 .FILL x0017
(3017) FED4  1111111011010100 (  32)                 .FILL xFED4
(3018) 002A  0000000000101010 (  33)                 .FILL x002A
(3019) 013A  0000000100111010 (  34)                 .FILL x013A
(301A) 013B  0000000100111011 (  35)                 .FILL x013B
(301B) FFF9  1111111111111001 (  36)                 .FILL xFFF9
(301C) 0014  0000000000010100 (  38) size2           .FILL x0014
(301D) FFF6  1111111111110110 (  39) array2          .FILL xFFF6
(301E) FFF7  1111111111110111 (  40)                 .FILL xFFF7
(301F) FFF8  1111111111111000 (  41)                 .FILL xFFF8
(3020) FFF9  1111111111111001 (  42)                 .FILL xFFF9
(3021) FFFA  1111111111111010 (  43)                 .FILL xFFFA
(3022) FFFB  1111111111111011 (  44)                 .FILL xFFFB
(3023) FFFC  1111111111111100 (  45)                 .FILL xFFFC
(3024) FFFD  1111111111111101 (  46)                 .FILL xFFFD
(3025) FFFE  1111111111111110 (  47)                 .FILL xFFFE
(3026) FFFF  1111111111111111 (  48)                 .FILL xFFFF
(3027) 0000  0000000000000000 (  49)                 .FILL x0000
(3028) 0001  0000000000000001 (  50)                 .FILL x0001
(3029) 0002  0000000000000010 (  51)                 .FILL x0002
(302A) 0003  0000000000000011 (  52)                 .FILL x0003
(302B) 0004  0000000000000100 (  53)                 .FILL x0004
(302C) 0005  0000000000000101 (  54)                 .FILL x0005
(302D) 0006  0000000000000110 (  55)                 .FILL x0006
(302E) 0007  0000000000000111 (  56)                 .FILL x0007
(302F) 0008  0000000000001000 (  57)                 .FILL x0008
(3030) 0009  0000000000001001 (  58)                 .FILL x0009
(3031) 3029  0011000000101001 (  66) SORT            ST    R0 reg0
(3032) 3229  0011001000101001 (  67)                 ST    R1 reg1
(3033) 3429  0011010000101001 (  68)                 ST    R2 reg2
(3034) 3629  0011011000101001 (  69)                 ST    R3 reg3
(3035) 3829  0011100000101001 (  70)                 ST    R4 reg4
(3036) 3A29  0011101000101001 (  71)                 ST    R5 reg5
(3037) 3C29  0011110000101001 (  72)                 ST    R6 reg6
(3038) 3E29  0011111000101001 (  73)                 ST    R7 reg7
(3039) 1240  0001001001000000 (  75)                 ADD   R1 R1 R0
(303A) 127F  0001001001111111 (  76)                 ADD   R1 R1 #-1
(303B) 927F  1001001001111111 (  77)                 NOT   R1 R1
(303C) 1261  0001001001100001 (  78)                 ADD   R1 R1 #1
(303D) 6E00  0110111000000000 (  80) loopA           LDR   R7 R0 #0
(303E) 55C7  0101010111000111 (  81)                 AND   R2 R7 R7
(303F) 5600  0101011000000000 (  82)                 AND   R3 R0 R0
(3040) 5800  0101100000000000 (  84)                 AND   R4 R0 R0
(3041) 1921  0001100100100001 (  85) loopB           ADD   R4 R4 #1
(3042) 6B00  0110101100000000 (  86)                 LDR   R5 R4 #0
(3043) 9B7F  1001101101111111 (  87)                 NOT   R5 R5
(3044) 1B61  0001101101100001 (  88)                 ADD   R5 R5 #1
(3045) 1A85  0001101010000101 (  89)                 ADD   R5 R2 R5
(3046) 0602  0000011000000010 (  90)                 BRZP  nextj
(3047) 6500  0110010100000000 (  91)                 LDR   R2 R4 #0
(3048) 5704  0101011100000100 (  92)                 AND   R3 R4 R4
(3049) 1D01  0001110100000001 (  94) nextj           ADD   R6 R4 R1
(304A) 09F6  0000100111110110 (  95)                 BRN   loopB
(304B) 7400  0111010000000000 (  98)                 STR   R2 R0 #0
(304C) 7EC0  0111111011000000 (  99)                 STR   R7 R3 #0
(304D) 1C01  0001110000000001 ( 101) nexti           ADD   R6 R0 R1
(304E) 1DA1  0001110110100001 ( 102)                 ADD   R6 R6 #1
(304F) 0602  0000011000000010 ( 103)                 BRZP  fin
(3050) 1021  0001000000100001 ( 104)                 ADD   R0 R0 #1
(3051) 0FEB  0000111111101011 ( 105)                 BRNZP loopA
(3052) 2008  0010000000001000 ( 107) fin             LD    R0 reg0
(3053) 2208  0010001000001000 ( 108)                 LD    R1 reg1
(3054) 2408  0010010000001000 ( 109)                 LD    R2 reg2
(3055) 2608  0010011000001000 ( 110)                 LD    R3 reg3
(3056) 2808  0010100000001000 ( 111)                 LD    R4 reg4
(3057) 2A08  0010101000001000 ( 112)                 LD    R5 reg5
(3058) 2C08  0010110000001000 ( 113)                 LD    R6 reg6
(3059) 2E08  0010111000001000 ( 114)                 LD    R7 reg7
(305A) C1C0  1100000111000000 ( 115)                 RET   
(305B) 0000  0000000000000000 ( 118) reg0            .FILL x0000
(305C) 0000  0000000000000000 ( 119) reg1            .FILL x0000
(305D) 0000  0000000000000000 ( 120) reg2            .FILL x0000
(305E) 0000  0000000000000000 ( 121) reg3            .FILL x0000
(305F) 0000  0000000000000000 ( 122) reg4            .FILL x0000
(3060) 0000  0000000000000000 ( 123) reg5            .FILL x0000
(3061) 0000  0000000000000000 ( 124) reg6            .FILL x0000
(3062) 0000  0000000000000000 ( 125) reg7            .FILL x0000
