(0000) 3000  0011000000000000 (   3)                 .ORIG x3000
(3000) 200F  0010000000001111 (   6)                 LD    R0 AH
(3001) 220F  0010001000001111 (   7)                 LD    R1 AL
(3002) 240F  0010010000001111 (   8)                 LD    R2 BH
(3003) 260F  0010011000001111 (   9)                 LD    R3 BL
(3004) 4814  0100100000010100 (  10)                 JSR   ADD32
(3005) 200E  0010000000001110 (  13)                 LD    R0 AH2
(3006) 220E  0010001000001110 (  14)                 LD    R1 AL2
(3007) 240E  0010010000001110 (  15)                 LD    R2 BH2
(3008) 260E  0010011000001110 (  16)                 LD    R3 BL2
(3009) 480F  0100100000001111 (  17)                 JSR   ADD32
(300A) 200D  0010000000001101 (  20)                 LD    R0 AH3
(300B) 2209  0010001000001001 (  21)                 LD    R1 AL2
(300C) 2409  0010010000001001 (  22)                 LD    R2 BH2
(300D) 2609  0010011000001001 (  23)                 LD    R3 BL2
(300E) 480A  0100100000001010 (  24)                 JSR   ADD32
(300F) F025  1111000000100101 (  26)                 TRAP  x25
(3010) 000F  0000000000001111 (  29) AH              .FILL x000F
(3011) 4240  0100001001000000 (  30) AL              .FILL x4240
(3012) 0016  0000000000010110 (  32) BH              .FILL x0016
(3013) E360  1110001101100000 (  33) BL              .FILL xE360
(3014) FFFF  1111111111111111 (  35) AH2             .FILL xFFFF
(3015) FFFF  1111111111111111 (  36) AL2             .FILL xFFFF
(3016) 0000  0000000000000000 (  37) BH2             .FILL x0000
(3017) 0001  0000000000000001 (  38) BL2             .FILL x0001
(3018) 7FFF  0111111111111111 (  40) AH3             .FILL x7FFF
(3019) 3027  0011000000100111 (  47) ADD32           ST    R0 amsw
(301A) 3227  0011001000100111 (  48)                 ST    R1 alsw
(301B) 3427  0011010000100111 (  49)                 ST    R2 bmsw
(301C) 3627  0011011000100111 (  50)                 ST    R3 blsw
(301D) 3E22  0011111000100010 (  53)                 ST    R7 reg7
(301E) 1060  0001000001100000 (  54)                 ADD   R0 R1 #0
(301F) 12E0  0001001011100000 (  55)                 ADD   R1 R3 #0
(3020) 4826  0100100000100110 (  56)                 JSR   UNSADD
(3021) 3024  0011000000100100 (  57)                 ST    R0 lsw
(3022) 261E  0010011000011110 (  58)                 LD    R3 amsw
(3023) 281F  0010100000011111 (  59)                 LD    R4 bmsw
(3024) 1AC4  0001101011000100 (  60)                 ADD   R5 R3 R4
(3025) 1B41  0001101101000001 (  61)                 ADD   R5 R5 R1
(3026) 5DA0  0101110110100000 (  62)                 AND   R6 R6 #0
(3027) 56C3  0101011011000011 (  63)                 AND   R3 R3 R3
(3028) 0601  0000011000000001 (  64)                 BRZP  apADD32
(3029) 0803  0000100000000011 (  65)                 BRN   anADD32
(302A) 5904  0101100100000100 (  67) apADD32         AND   R4 R4 R4
(302B) 0604  0000011000000100 (  68)                 BRZP  apbpADD32
(302C) 080B  0000100000001011 (  69)                 BRN   doneADD32
(302D) 5904  0101100100000100 (  71) anADD32         AND   R4 R4 R4
(302E) 0805  0000100000000101 (  72)                 BRN   anbnADD32
(302F) 0608  0000011000001000 (  73)                 BRZP  doneADD32
(3030) 5B45  0101101101000101 (  75) apbpADD32       AND   R5 R5 R5
(3031) 0606  0000011000000110 (  76)                 BRZP  doneADD32
(3032) 1DA1  0001110110100001 (  77)                 ADD   R6 R6 #1
(3033) 0E04  0000111000000100 (  78)                 BRNZP doneADD32
(3034) 5B45  0101101101000101 (  80) anbnADD32       AND   R5 R5 R5
(3035) 0802  0000100000000010 (  81)                 BRN   doneADD32
(3036) 1DA1  0001110110100001 (  82)                 ADD   R6 R6 #1
(3037) 0E00  0000111000000000 (  83)                 BRNZP doneADD32
(3038) 2008  0010000000001000 (  85) doneADD32       LD    R0 amsw
(3039) 2208  0010001000001000 (  86)                 LD    R1 alsw
(303A) 2408  0010010000001000 (  87)                 LD    R2 bmsw
(303B) 2608  0010011000001000 (  88)                 LD    R3 blsw
(303C) 1960  0001100101100000 (  89)                 ADD   R4 R5 #0
(303D) 2A08  0010101000001000 (  90)                 LD    R5 lsw
(303E) 2E01  0010111000000001 (  91)                 LD    R7 reg7
(303F) C1C0  1100000111000000 (  93)                 RET   
(3040) 0000  0000000000000000 (  98) reg7            .FILL x0000
(3041) 0000  0000000000000000 (  99) amsw            .FILL x0000
(3042) 0000  0000000000000000 ( 101) alsw            .FILL x0000
(3043) 0000  0000000000000000 ( 102) bmsw            .FILL x0000
(3044) 0000  0000000000000000 ( 104) blsw            .FILL x0000
(3045) 0000  0000000000000000 ( 105) msw             .FILL x0000
(3046) 0000  0000000000000000 ( 110) lsw             .FILL x0000
(3047) 3016  0011000000010110 ( 110) UNSADD          ST    R0 A
(3048) 3216  0011001000010110 ( 111)                 ST    R1 B
(3049) 3416  0011010000010110 ( 112)                 ST    R2 SAVER2
(304A) 1020  0001000000100000 ( 128)                 ADD   R0 R0 #0
(304B) 0805  0000100000000101 ( 129)                 BRN   R0BIG
(304C) 1260  0001001001100000 ( 130)                 ADD   R1 R1 #0
(304D) 0809  0000100000001001 ( 131)                 BRN   CASE3
(304E) 1001  0001000000000001 ( 134) CASE1           ADD   R0 R0 R1
(304F) 5260  0101001001100000 ( 135)                 AND   R1 R1 #0
(3050) 0E0B  0000111000001011 ( 136)                 BRNZP DONE
(3051) 1260  0001001001100000 ( 138) R0BIG           ADD   R1 R1 #0
(3052) 0604  0000011000000100 ( 139)                 BRZP  CASE3
(3053) 1001  0001000000000001 ( 142) CASE2           ADD   R0 R0 R1
(3054) 5260  0101001001100000 ( 143)                 AND   R1 R1 #0
(3055) 1261  0001001001100001 ( 144)                 ADD   R1 R1 #1
(3056) 0E05  0000111000000101 ( 145)                 BRNZP DONE
(3057) 1001  0001000000000001 ( 148) CASE3           ADD   R0 R0 R1
(3058) 5260  0101001001100000 ( 149)                 AND   R1 R1 #0
(3059) 5000  0101000000000000 ( 150)                 AND   R0 R0 R0
(305A) 0801  0000100000000001 ( 151)                 BRN   DONE
(305B) 1261  0001001001100001 ( 152)                 ADD   R1 R1 #1
(305C) 2403  0010010000000011 ( 155) DONE            LD    R2 SAVER2
(305D) C1C0  1100000111000000 ( 156)                 RET   
(305E) 0000  0000000000000000 ( 159) A               .FILL x0000
(305F) 0000  0000000000000000 ( 160) B               .FILL x0000
(3060) 0000  0000000000000000 ( 162) SAVER2          .FILL x0000
