akshay@ubuntu:~/cs3013/project1$ ./doit cat doit.c
#include <stdio.h>
#include "runstat.h"

int main(int argc, char** argv)
{
	//int i;
	//for(i = 0; i < argc; i++)printf("\targv[%d] = %s\n", i, argv[i]);
	runstat(argv+1); 
	return 0;		
}



Stats for child 7232 (cat) :
	Elapsed time: 1ms
	User CPU time: 0ms
	System CPU time: 0ms
	Involuntary context switches: 1
	Voluntary context switches: 1
	Major page faults: 0
	Minor page faults: 187
akshay@ubuntu:~/cs3013/project1$ ./doit ls -l /
total 88
drwxr-xr-x   2 root root  4096 Jan 10 09:52 bin
drwxr-xr-x   3 root root  4096 Jan 20 17:25 boot
drwxr-xr-x   2 root root  4096 Jan 10 09:32 cdrom
drwxr-xr-x  15 root root  4280 Jan 28 21:37 dev
drwxr-xr-x 134 root root 12288 Jan 28 19:20 etc
drwxr-xr-x   4 root root  4096 Jan 20 12:00 home
lrwxrwxrwx   1 root root    33 Jan 10 09:56 initrd.img -> /boot/initrd.img-3.8.0-35-generic
lrwxrwxrwx   1 root root    32 Jan 10 09:34 initrd.img.old -> boot/initrd.img-3.8.0-29-generic
drwxr-xr-x  20 root root  4096 Jan 10 09:52 lib
drwx------   2 root root 16384 Jan 10 09:23 lost+found
drwxr-xr-x   3 root root  4096 Jan 20 17:22 media
drwxr-xr-x   3 root root  4096 Jan 20 17:24 mnt
drwxr-xr-x   2 root root  4096 Jan 10 09:36 opt
dr-xr-xr-x 171 root root     0 Jan 28 16:38 proc
drwx------   7 root root  4096 Jan 28 19:13 root
drwxr-xr-x  21 root root   800 Jan 28 21:37 run
drwxr-xr-x   2 root root  4096 Jan 20 17:23 sbin
drwxr-xr-x   2 root root  4096 Mar  5  2012 selinux
drwxr-xr-x   2 root root  4096 Aug 20 13:56 srv
drwxr-xr-x  13 root root     0 Jan 28 16:38 sys
drwxrwxrwt  16 root root  4096 Jan 28 22:13 tmp
drwxr-xr-x  10 root root  4096 Aug 20 13:56 usr
drwxr-xr-x  13 root root  4096 Jan 27 22:36 var
lrwxrwxrwx   1 root root    29 Jan 10 09:56 vmlinuz -> boot/vmlinuz-3.8.0-35-generic
lrwxrwxrwx   1 root root    29 Jan 10 09:34 vmlinuz.old -> boot/vmlinuz-3.8.0-29-generic

Stats for child 7235 (ls) :
	Elapsed time: 3ms
	User CPU time: 0ms
	System CPU time: 0ms
	Involuntary context switches: 53
	Voluntary context switches: 1
	Major page faults: 0
	Minor page faults: 406
akshay@ubuntu:~/cs3013/project1$ ps
  PID TTY          TIME CMD
 5754 pts/0    00:00:00 bash
 7236 pts/0    00:00:00 ps

