(0000) 3000  0011000000000000 (   2)                 .ORIG x3000
(3000) E00B  1110000000001011 (   4) MAIN            LEA   R0 str0
(3001) 2209  0010001000001001 (   5)                 LD    R1 maxlen
(3002) 481E  0100100000011110 (   6)                 JSR   STRIN
(3003) 2006  0010000000000110 (   7)                 LD    R0 endl
(3004) F021  1111000000100001 (   8)                 TRAP  x21
(3005) E006  1110000000000110 (   9)                 LEA   R0 str0
(3006) F022  1111000000100010 (  10)                 TRAP  x22
(3007) 2002  0010000000000010 (  11)                 LD    R0 endl
(3008) F021  1111000000100001 (  12)                 TRAP  x21
(3009) F025  1111000000100101 (  13)                 TRAP  x25
(300A) 000A  0000000000001010 (  15) endl            .FILL x000A
(300B) 0014  0000000000010100 (  16) maxlen          .FILL x0014
(300C) 0000  0000000000000000 (  33) str0            .FILL x0000
(300D) 0000  0000000000000000 (  33)                 .FILL x0000
(300E) 0000  0000000000000000 (  33)                 .FILL x0000
(300F) 0000  0000000000000000 (  33)                 .FILL x0000
(3010) 0000  0000000000000000 (  33)                 .FILL x0000
(3011) 0000  0000000000000000 (  33)                 .FILL x0000
(3012) 0000  0000000000000000 (  33)                 .FILL x0000
(3013) 0000  0000000000000000 (  33)                 .FILL x0000
(3014) 0000  0000000000000000 (  33)                 .FILL x0000
(3015) 0000  0000000000000000 (  33)                 .FILL x0000
(3016) 0000  0000000000000000 (  33)                 .FILL x0000
(3017) 0000  0000000000000000 (  33)                 .FILL x0000
(3018) 0000  0000000000000000 (  33)                 .FILL x0000
(3019) 0000  0000000000000000 (  33)                 .FILL x0000
(301A) 0000  0000000000000000 (  33)                 .FILL x0000
(301B) 0000  0000000000000000 (  33)                 .FILL x0000
(301C) 0000  0000000000000000 (  33)                 .FILL x0000
(301D) 0000  0000000000000000 (  33)                 .FILL x0000
(301E) 0000  0000000000000000 (  33)                 .FILL x0000
(301F) 0000  0000000000000000 (  33)                 .FILL x0000
(3020) 0000  0000000000000000 (  33)                 .FILL x0000
(3021) 3028  0011000000101000 (  33) STRIN           ST    R0 reg0
(3022) 3629  0011011000101001 (  34)                 ST    R3 reg3
(3023) 3829  0011100000101001 (  35)                 ST    R4 reg4
(3024) 3A29  0011101000101001 (  36)                 ST    R5 reg5
(3025) 3C29  0011110000101001 (  37)                 ST    R6 reg6
(3026) 3E29  0011111000101001 (  38)                 ST    R7 reg7
(3027) 5600  0101011000000000 (  40)                 AND   R3 R0 R0
(3028) 1801  0001100000000001 (  41)                 ADD   R4 R0 R1
(3029) 1921  0001100100100001 (  42)                 ADD   R4 R4 #1
(302A) 993F  1001100100111111 (  43)                 NOT   R4 R4
(302B) 1921  0001100100100001 (  44)                 ADD   R4 R4 #1
(302C) 5260  0101001001100000 (  45)                 AND   R1 R1 #0
(302D) F038  1111000000111000 (  47) loop            TRAP  x38
(302E) 2E19  0010111000011001 (  49)                 LD    R7 LF
(302F) 9FFF  1001111111111111 (  50)                 NOT   R7 R7
(3030) 1FE1  0001111111100001 (  51)                 ADD   R7 R7 #1
(3031) 1E07  0001111000000111 (  52)                 ADD   R7 R0 R7
(3032) 040B  0000010000001011 (  53)                 BRZ   done
(3033) 2E15  0010111000010101 (  55)                 LD    R7 CR
(3034) 9FFF  1001111111111111 (  56)                 NOT   R7 R7
(3035) 1FE1  0001111111100001 (  57)                 ADD   R7 R7 #1
(3036) 1E07  0001111000000111 (  58)                 ADD   R7 R0 R7
(3037) 0406  0000010000000110 (  59)                 BRZ   done
(3038) 70C0  0111000011000000 (  61)                 STR   R0 R3 #0
(3039) 16E1  0001011011100001 (  62)                 ADD   R3 R3 #1
(303A) 1261  0001001001100001 (  63)                 ADD   R1 R1 #1
(303B) 1AC4  0001101011000100 (  65)                 ADD   R5 R3 R4
(303C) 0401  0000010000000001 (  66)                 BRZ   done
(303D) 0FEF  0000111111101111 (  67)                 BRNZP loop
(303E) 5DA0  0101110110100000 (  69) done            AND   R6 R6 #0
(303F) 7CC0  0111110011000000 (  70)                 STR   R6 R3 #0
(3040) 2009  0010000000001001 (  72)                 LD    R0 reg0
(3041) 2409  0010010000001001 (  73)                 LD    R2 reg2
(3042) 2609  0010011000001001 (  74)                 LD    R3 reg3
(3043) 2809  0010100000001001 (  75)                 LD    R4 reg4
(3044) 2A09  0010101000001001 (  76)                 LD    R5 reg5
(3045) 2C09  0010110000001001 (  77)                 LD    R6 reg6
(3046) 2E09  0010111000001001 (  78)                 LD    R7 reg7
(3047) C1C0  1100000111000000 (  79)                 RET   
(3048) 000A  0000000000001010 (  82) LF              .FILL x000A
(3049) 000D  0000000000001101 (  83) CR              .FILL x000D
(304A) 0000  0000000000000000 (  84) reg0            .FILL x0000
(304B) 0000  0000000000000000 (  85) reg2            .FILL x0000
(304C) 0000  0000000000000000 (  86) reg3            .FILL x0000
(304D) 0000  0000000000000000 (  87) reg4            .FILL x0000
(304E) 0000  0000000000000000 (  88) reg5            .FILL x0000
(304F) 0000  0000000000000000 (  89) reg6            .FILL x0000
(3050) 0000  0000000000000000 (  90) reg7            .FILL x0000
