(0000) 0700  0000011100000000 (   4)                 .ORIG x0700
(0700) 321F  0011001000011111 (   5)                 ST    R1 reg1
(0701) 341F  0011010000011111 (   6)                 ST    R2 reg2
(0702) 361F  0011011000011111 (   7)                 ST    R3 reg3
(0703) A014  1010000000010100 (   9) waitin          LDI   R0 KBSR
(0704) 07FE  0000011111111110 (  10)                 BRZP  waitin
(0705) A013  1010000000010011 (  11)                 LDI   R0 KBDR
(0706) 2617  0010011000010111 (  14)                 LD    R3 minprint
(0707) 96FF  1001011011111111 (  15)                 NOT   R3 R3
(0708) 16E1  0001011011100001 (  16)                 ADD   R3 R3 #1
(0709) 16C0  0001011011000000 (  17)                 ADD   R3 R3 R0
(070A) 0809  0000100000001001 (  18)                 BRN   done
(070B) 2613  0010011000010011 (  20)                 LD    R3 maxprint
(070C) 96FF  1001011011111111 (  21)                 NOT   R3 R3
(070D) 16E1  0001011011100001 (  22)                 ADD   R3 R3 #1
(070E) 16C0  0001011011000000 (  23)                 ADD   R3 R3 R0
(070F) 0204  0000001000000100 (  24)                 BRP   done
(0710) A209  1010001000001001 (  26) waitout         LDI   R1 DSR
(0711) 07FE  0000011111111110 (  27)                 BRZP  waitout
(0712) 240A  0010010000001010 (  28)                 LD    R2 star
(0713) B407  1011010000000111 (  29)                 STI   R2 DDR
(0714) 220B  0010001000001011 (  31) done            LD    R1 reg1
(0715) 240B  0010010000001011 (  32)                 LD    R2 reg2
(0716) 260B  0010011000001011 (  33)                 LD    R3 reg3
(0717) C1C0  1100000111000000 (  34)                 RET   
(0718) FE00  1111111000000000 (  36) KBSR            .FILL xFE00
(0719) FE02  1111111000000010 (  37) KBDR            .FILL xFE02
(071A) FE04  1111111000000100 (  38) DSR             .FILL xFE04
(071B) FE06  1111111000000110 (  39) DDR             .FILL xFE06
(071C) 0000  0000000000000000 (  40) pcinc           .FILL x0000
(071D) 002A  0000000000101010 (  41) star            .FILL x002A
(071E) 0020  0000000000100000 (  42) minprint        .FILL x0020
(071F) 007E  0000000001111110 (  43) maxprint        .FILL x007E
(0720) 0000  0000000000000000 (  44) reg1            .FILL x0000
(0721) 0000  0000000000000000 (  45) reg2            .FILL x0000
(0722) 0000  0000000000000000 (  46) reg3            .FILL x0000
