C:\TEMP\CS4731_HW0\GRAPHICS_STARTING_CODE\DEBUG\GLSLEXPERIMENT.EXE
C:\TEMP\CS4731_HW0\GRAPHICS_STARTING_CODE\DEBUG\GLSLEXPERIMENT.ILK
C:\TEMP\CS4731_HW0\GRAPHICS_STARTING_CODE\DEBUG\GLSLEXPERIMENT.PDB
C:\TEMP\CS4731_HW0\GRAPHICS_STARTING_CODE\GLSLEXPERIMENT\DEBUG\EXAMPLE1.OBJ
C:\TEMP\CS4731_HW0\GRAPHICS_STARTING_CODE\GLSLEXPERIMENT\DEBUG\GLSLEXPERIMENT.EXE.INTERMEDIATE.MANIFEST
C:\TEMP\CS4731_HW0\GRAPHICS_STARTING_CODE\GLSLEXPERIMENT\DEBUG\INITSHADER.OBJ
C:\TEMP\CS4731_HW0\GRAPHICS_STARTING_CODE\GLSLEXPERIMENT\DEBUG\TEXTFILE.OBJ
C:\TEMP\CS4731_HW0\GRAPHICS_STARTING_CODE\GLSLEXPERIMENT\DEBUG\VC100.PDB
C:\TEMP\DELETABLE\CS4731_D14_PROGRAM_TESTS\HW1\GRAPHICS_STARTING_CODE\DEBUG\GLSLEXPERIMENT.EXE
C:\TEMP\DELETABLE\CS4731_D14_PROGRAM_TESTS\HW1\GRAPHICS_STARTING_CODE\DEBUG\GLSLEXPERIMENT.ILK
C:\TEMP\DELETABLE\CS4731_D14_PROGRAM_TESTS\HW1\GRAPHICS_STARTING_CODE\DEBUG\GLSLEXPERIMENT.PDB
C:\TEMP\DELETABLE\CS4731_D14_PROGRAM_TESTS\HW1\GRAPHICS_STARTING_CODE\GLSLEXPERIMENT\DEBUG\EXAMPLE1.OBJ
C:\TEMP\DELETABLE\CS4731_D14_PROGRAM_TESTS\HW1\GRAPHICS_STARTING_CODE\GLSLEXPERIMENT\DEBUG\GLSLEXPERIMENT.EXE.INTERMEDIATE.MANIFEST
C:\TEMP\DELETABLE\CS4731_D14_PROGRAM_TESTS\HW1\GRAPHICS_STARTING_CODE\GLSLEXPERIMENT\DEBUG\INITSHADER.OBJ
C:\TEMP\DELETABLE\CS4731_D14_PROGRAM_TESTS\HW1\GRAPHICS_STARTING_CODE\GLSLEXPERIMENT\DEBUG\TEXTFILE.OBJ
C:\TEMP\DELETABLE\CS4731_D14_PROGRAM_TESTS\HW1\GRAPHICS_STARTING_CODE\GLSLEXPERIMENT\DEBUG\VC100.PDB
C:\TEMP\DELETABLE\CS543_PROJ1_TEST_F12\B11_PROJ1_STARTING_CODE_HANDED_OUT\GRAPHICS_STARTING_CODE\DEBUG\GLSLEXPERIMENT.EXE
C:\TEMP\DELETABLE\CS543_PROJ1_TEST_F12\B11_PROJ1_STARTING_CODE_HANDED_OUT\GRAPHICS_STARTING_CODE\DEBUG\GLSLEXPERIMENT.ILK
C:\TEMP\DELETABLE\CS543_PROJ1_TEST_F12\B11_PROJ1_STARTING_CODE_HANDED_OUT\GRAPHICS_STARTING_CODE\DEBUG\GLSLEXPERIMENT.PDB
C:\TEMP\DELETABLE\CS543_PROJ1_TEST_F12\B11_PROJ1_STARTING_CODE_HANDED_OUT\GRAPHICS_STARTING_CODE\GLSLEXPERIMENT\DEBUG\EXAMPLE1.OBJ
C:\TEMP\DELETABLE\CS543_PROJ1_TEST_F12\B11_PROJ1_STARTING_CODE_HANDED_OUT\GRAPHICS_STARTING_CODE\GLSLEXPERIMENT\DEBUG\GLSLEXPERIMENT.EXE.INTERMEDIATE.MANIFEST
C:\TEMP\DELETABLE\CS543_PROJ1_TEST_F12\B11_PROJ1_STARTING_CODE_HANDED_OUT\GRAPHICS_STARTING_CODE\GLSLEXPERIMENT\DEBUG\INITSHADER.OBJ
C:\TEMP\DELETABLE\CS543_PROJ1_TEST_F12\B11_PROJ1_STARTING_CODE_HANDED_OUT\GRAPHICS_STARTING_CODE\GLSLEXPERIMENT\DEBUG\TEXTFILE.OBJ
C:\TEMP\DELETABLE\CS543_PROJ1_TEST_F12\B11_PROJ1_STARTING_CODE_HANDED_OUT\GRAPHICS_STARTING_CODE\GLSLEXPERIMENT\DEBUG\VC100.PDB
C:\USERS\AKSHAY\DOWNLOADS\CS4731_HW1_STARTER_CODE\GRAPHICS_STARTING_CODE\DEBUG\GLSLEXPERIMENT.EXE
C:\USERS\AKSHAY\DOWNLOADS\CS4731_HW1_STARTER_CODE\GRAPHICS_STARTING_CODE\DEBUG\GLSLEXPERIMENT.ILK
C:\USERS\AKSHAY\DOWNLOADS\CS4731_HW1_STARTER_CODE\GRAPHICS_STARTING_CODE\DEBUG\GLSLEXPERIMENT.PDB
C:\USERS\AKSHAY\DOWNLOADS\CS4731_HW1_STARTER_CODE\GRAPHICS_STARTING_CODE\GLSLEXPERIMENT\DEBUG\EXAMPLE1.OBJ
C:\USERS\AKSHAY\DOWNLOADS\CS4731_HW1_STARTER_CODE\GRAPHICS_STARTING_CODE\GLSLEXPERIMENT\DEBUG\GLSLEXPERIMENT.EXE.INTERMEDIATE.MANIFEST
C:\USERS\AKSHAY\DOWNLOADS\CS4731_HW1_STARTER_CODE\GRAPHICS_STARTING_CODE\GLSLEXPERIMENT\DEBUG\INITSHADER.OBJ
C:\USERS\AKSHAY\DOWNLOADS\CS4731_HW1_STARTER_CODE\GRAPHICS_STARTING_CODE\GLSLEXPERIMENT\DEBUG\TEXTFILE.OBJ
C:\USERS\AKSHAY\DOWNLOADS\CS4731_HW1_STARTER_CODE\GRAPHICS_STARTING_CODE\GLSLEXPERIMENT\DEBUG\VC100.PDB
Z:\AKSHAY\GIT\CS-PROJECTS\GRAPHICS\HW1\GRAPHICS_STARTING_CODE\DEBUG\GLSLEXPERIMENT.EXE
Z:\AKSHAY\GIT\CS-PROJECTS\GRAPHICS\HW1\GRAPHICS_STARTING_CODE\DEBUG\GLSLEXPERIMENT.ILK
Z:\AKSHAY\GIT\CS-PROJECTS\GRAPHICS\HW1\GRAPHICS_STARTING_CODE\DEBUG\GLSLEXPERIMENT.PDB
Z:\Akshay\git\CS-Projects\Graphics\HW1\Graphics_Starting_Code\GLSLExperiment\Debug\cl.command.1.tlog
Z:\Akshay\git\CS-Projects\Graphics\HW1\Graphics_Starting_Code\GLSLExperiment\Debug\CL.read.1.tlog
Z:\Akshay\git\CS-Projects\Graphics\HW1\Graphics_Starting_Code\GLSLExperiment\Debug\CL.write.1.tlog
Z:\AKSHAY\GIT\CS-PROJECTS\GRAPHICS\HW1\GRAPHICS_STARTING_CODE\GLSLEXPERIMENT\DEBUG\EXAMPLE1.OBJ
Z:\AKSHAY\GIT\CS-PROJECTS\GRAPHICS\HW1\GRAPHICS_STARTING_CODE\GLSLEXPERIMENT\DEBUG\GLSLEXPERIMENT.EXE.INTERMEDIATE.MANIFEST
Z:\Akshay\git\CS-Projects\Graphics\HW1\Graphics_Starting_Code\GLSLExperiment\Debug\GLSLExperiment.vcxprojResolveAssemblyReference.cache
Z:\Akshay\git\CS-Projects\Graphics\HW1\Graphics_Starting_Code\GLSLExperiment\Debug\GLSLExperiment.write.1.tlog
Z:\AKSHAY\GIT\CS-PROJECTS\GRAPHICS\HW1\GRAPHICS_STARTING_CODE\GLSLEXPERIMENT\DEBUG\INITSHADER.OBJ
Z:\Akshay\git\CS-Projects\Graphics\HW1\Graphics_Starting_Code\GLSLExperiment\Debug\link.command.1.tlog
Z:\Akshay\git\CS-Projects\Graphics\HW1\Graphics_Starting_Code\GLSLExperiment\Debug\link.read.1.tlog
Z:\Akshay\git\CS-Projects\Graphics\HW1\Graphics_Starting_Code\GLSLExperiment\Debug\link.write.1.tlog
Z:\Akshay\git\CS-Projects\Graphics\HW1\Graphics_Starting_Code\GLSLExperiment\Debug\mt.command.1.tlog
Z:\Akshay\git\CS-Projects\Graphics\HW1\Graphics_Starting_Code\GLSLExperiment\Debug\mt.read.1.tlog
Z:\Akshay\git\CS-Projects\Graphics\HW1\Graphics_Starting_Code\GLSLExperiment\Debug\mt.write.1.tlog
Z:\AKSHAY\GIT\CS-PROJECTS\GRAPHICS\HW1\GRAPHICS_STARTING_CODE\GLSLEXPERIMENT\DEBUG\TEXTFILE.OBJ
Z:\Akshay\git\CS-Projects\Graphics\HW1\Graphics_Starting_Code\GLSLExperiment\Debug\vc100.idb
Z:\AKSHAY\GIT\CS-PROJECTS\GRAPHICS\HW1\GRAPHICS_STARTING_CODE\GLSLEXPERIMENT\DEBUG\VC100.PDB
