Build started 9/11/2014 11:41:31 PM.
     1>Project "Z:\Akshay\git\CS-Projects\Graphics\HW1\Graphics_Starting_Code\GLSLExperiment\GLSLExperiment.vcxproj" on node 2 (build target(s)).
     1>InitializeBuildStatus:
         Creating "Debug\GLSLExperiment.unsuccessfulbuild" because "AlwaysCreate" was specified.
       ClCompile:
         C:\Program Files (x86)\Microsoft Visual Studio 10.0\VC\bin\CL.exe /c /I..\glew\lib /I..\glew\include /I..\freeglut\include\GL /ZI /nologo /W3 /WX- /Od /Oy- /D _MBCS /Gm /EHsc /RTC1 /MDd /GS /fp:precise /Zc:wchar_t /Zc:forScope /Fo"Debug\\" /Fd"Debug\vc100.pdb" /Gd /TP /analyze- /errorReport:prompt example1.cpp
         example1.cpp
     1>z:\akshay\git\cs-projects\graphics\hw1\graphics_starting_code\glslexperiment\example1.cpp(121): warning C4018: '<' : signed/unsigned mismatch
     1>z:\akshay\git\cs-projects\graphics\hw1\graphics_starting_code\glslexperiment\example1.cpp(142): warning C4018: '<' : signed/unsigned mismatch
     1>z:\akshay\git\cs-projects\graphics\hw1\graphics_starting_code\glslexperiment\example1.cpp(160): warning C4018: '<' : signed/unsigned mismatch
     1>z:\akshay\git\cs-projects\graphics\hw1\graphics_starting_code\glslexperiment\example1.cpp(409): warning C4244: 'initializing' : conversion from 'double' to 'int', possible loss of data
     1>z:\akshay\git\cs-projects\graphics\hw1\graphics_starting_code\glslexperiment\example1.cpp(419): warning C4244: 'initializing' : conversion from 'double' to 'float', possible loss of data
     1>z:\akshay\git\cs-projects\graphics\hw1\graphics_starting_code\glslexperiment\example1.cpp(420): warning C4244: 'argument' : conversion from 'double' to 'const GLfloat', possible loss of data
     1>z:\akshay\git\cs-projects\graphics\hw1\graphics_starting_code\glslexperiment\example1.cpp(420): warning C4244: 'argument' : conversion from 'double' to 'const GLfloat', possible loss of data
     1>z:\akshay\git\cs-projects\graphics\hw1\graphics_starting_code\glslexperiment\example1.cpp(493): warning C4244: 'initializing' : conversion from 'double' to 'float', possible loss of data
     1>z:\akshay\git\cs-projects\graphics\hw1\graphics_starting_code\glslexperiment\example1.cpp(494): warning C4244: 'argument' : conversion from 'double' to 'float', possible loss of data
     1>z:\akshay\git\cs-projects\graphics\hw1\graphics_starting_code\glslexperiment\example1.cpp(494): warning C4244: 'argument' : conversion from 'double' to 'float', possible loss of data
     1>z:\akshay\git\cs-projects\graphics\hw1\graphics_starting_code\glslexperiment\example1.cpp(511): warning C4244: '=' : conversion from 'float' to 'int', possible loss of data
     1>z:\akshay\git\cs-projects\graphics\hw1\graphics_starting_code\glslexperiment\example1.cpp(514): warning C4244: '=' : conversion from 'float' to 'int', possible loss of data
     1>z:\akshay\git\cs-projects\graphics\hw1\graphics_starting_code\glslexperiment\example1.cpp(517): warning C4244: '=' : conversion from 'float' to 'int', possible loss of data
     1>z:\akshay\git\cs-projects\graphics\hw1\graphics_starting_code\glslexperiment\example1.cpp(518): warning C4244: '=' : conversion from 'float' to 'int', possible loss of data
       Link:
         C:\Program Files (x86)\Microsoft Visual Studio 10.0\VC\bin\link.exe /ERRORREPORT:PROMPT /OUT:"Z:\Akshay\git\CS-Projects\Graphics\HW1\Graphics_Starting_Code\Debug\GLSLExperiment.exe" /NOLOGO /LIBPATH:..\glew\lib /LIBPATH:..\freeglut\lib freeglut.lib glew32.lib glew32s.lib opengl32.lib glu32.lib kernel32.lib user32.lib gdi32.lib winspool.lib comdlg32.lib advapi32.lib shell32.lib ole32.lib oleaut32.lib uuid.lib odbc32.lib odbccp32.lib /MANIFEST /ManifestFile:"Debug\GLSLExperiment.exe.intermediate.manifest" /MANIFESTUAC:"level='asInvoker' uiAccess='false'" /DEBUG /PDB:"Z:\Akshay\git\CS-Projects\Graphics\HW1\Graphics_Starting_Code\Debug\GLSLExperiment.pdb" /SUBSYSTEM:CONSOLE /TLBID:1 /DYNAMICBASE /NXCOMPAT /IMPLIB:"Z:\Akshay\git\CS-Projects\Graphics\HW1\Graphics_Starting_Code\Debug\GLSLExperiment.lib" /MACHINE:X86 Debug\example1.obj
         Debug\InitShader.obj
         Debug\textfile.obj
         LINK : Z:\Akshay\git\CS-Projects\Graphics\HW1\Graphics_Starting_Code\Debug\GLSLExperiment.exe not found or not built by the last incremental link; performing full link
         GLSLExperiment.vcxproj -> Z:\Akshay\git\CS-Projects\Graphics\HW1\Graphics_Starting_Code\Debug\GLSLExperiment.exe
       Manifest:
         C:\Program Files (x86)\Microsoft SDKs\Windows\v7.0A\bin\mt.exe /nologo /verbose /outputresource:"Z:\Akshay\git\CS-Projects\Graphics\HW1\Graphics_Starting_Code\Debug\GLSLExperiment.exe;#1" /manifest Debug\GLSLExperiment.exe.intermediate.manifest
       FinalizeBuildStatus:
         Deleting file "Debug\GLSLExperiment.unsuccessfulbuild".
         Touching "Debug\GLSLExperiment.lastbuildstate".
     1>Done Building Project "Z:\Akshay\git\CS-Projects\Graphics\HW1\Graphics_Starting_Code\GLSLExperiment\GLSLExperiment.vcxproj" (build target(s)).

Build succeeded.

Time Elapsed 00:00:01.12
