(0000) 3050  0011000001010000 (   5)                 .ORIG x3050
(3050) 2815  0010100000010101 (   6)                 LD    R4 N_TWO
(3051) A213  1010001000010011 (   8)                 LDI   R1 MULTADDR
(3052) 0603  0000011000000011 (   9)                 BRZP  LOAD2
(3053) 1921  0001100100100001 (  10)                 ADD   R4 R4 #1
(3054) 927F  1001001001111111 (  11)                 NOT   R1 R1
(3055) 1261  0001001001100001 (  12)                 ADD   R1 R1 #1
(3056) 240D  0010010000001101 (  14) LOAD2           LD    R2 NUMBER
(3057) 0603  0000011000000011 (  15)                 BRZP  MULT
(3058) 1921  0001100100100001 (  16)                 ADD   R4 R4 #1
(3059) 94BF  1001010010111111 (  17)                 NOT   R2 R2
(305A) 14A1  0001010010100001 (  18)                 ADD   R2 R2 #1
(305B) 56E0  0101011011100000 (  20) MULT            AND   R3 R3 #0
(305C) 16C2  0001011011000010 (  23) AGAIN           ADD   R3 R3 R2
(305D) 127F  0001001001111111 (  24)                 ADD   R1 R1 #-1
(305E) 03FD  0000001111111101 (  25)                 BRP   AGAIN
(305F) 1921  0001100100100001 (  27)                 ADD   R4 R4 #1
(3060) 0A02  0000101000000010 (  28)                 BRNP  EXIT
(3061) 96FF  1001011011111111 (  29)                 NOT   R3 R3
(3062) 16E1  0001011011100001 (  30)                 ADD   R3 R3 #1
(3063) F025  1111000000100101 (  31) EXIT            TRAP  x25
(3064) 0000  0000000000000000 (  34) NUMBER          .FILL x0000
(3065) 4000  0100000000000000 (  34) MULTADDR        .FILL x4000
(3066) FFFE  1111111111111110 (  35) N_TWO           .FILL xFFFE
