Build started 10/8/2014 11:03:49 PM.
     1>Project "Z:\Akshay\git\CS-Projects\Graphics\HW4\GLSLExperiment\GLSLExperiment.vcxproj" on node 2 (build target(s)).
     1>InitializeBuildStatus:
         Creating "Debug\GLSLExperiment.unsuccessfulbuild" because "AlwaysCreate" was specified.
       ClCompile:
         All outputs are up-to-date.
         C:\Program Files (x86)\Microsoft Visual Studio 10.0\VC\bin\CL.exe /c /I..\glew\lib /I..\glew\include /I..\freeglut\include\GL /ZI /nologo /W3 /WX- /Od /Oy- /D _MBCS /Gm /EHsc /RTC1 /MDd /GS /fp:precise /Zc:wchar_t /Zc:forScope /Fo"Debug\\" /Fd"Debug\vc100.pdb" /Gd /TP /analyze- /errorReport:prompt main.cpp
         main.cpp
     1>z:\akshay\git\cs-projects\graphics\hw4\glslexperiment\main.cpp(8): warning C4067: unexpected tokens following preprocessor directive - expected a newline
     1>z:\akshay\git\cs-projects\graphics\hw4\glslexperiment\main.cpp(270): warning C4305: 'argument' : truncation from 'double' to 'GLfloat'
     1>z:\akshay\git\cs-projects\graphics\hw4\glslexperiment\main.cpp(270): warning C4305: 'argument' : truncation from 'double' to 'GLfloat'
     1>z:\akshay\git\cs-projects\graphics\hw4\glslexperiment\main.cpp(270): warning C4305: 'argument' : truncation from 'double' to 'GLfloat'
     1>z:\akshay\git\cs-projects\graphics\hw4\glslexperiment\main.cpp(361): warning C4244: 'argument' : conversion from 'time_t' to 'unsigned int', possible loss of data
       Link:
         C:\Program Files (x86)\Microsoft Visual Studio 10.0\VC\bin\link.exe /ERRORREPORT:PROMPT /OUT:"Z:\Akshay\git\CS-Projects\Graphics\HW4\Debug\GLSLExperiment.exe" /NOLOGO /LIBPATH:..\glew\lib /LIBPATH:..\freeglut\lib freeglut.lib glew32.lib glew32s.lib opengl32.lib glu32.lib kernel32.lib user32.lib gdi32.lib winspool.lib comdlg32.lib advapi32.lib shell32.lib ole32.lib oleaut32.lib uuid.lib odbc32.lib odbccp32.lib /MANIFEST /ManifestFile:"Debug\GLSLExperiment.exe.intermediate.manifest" /MANIFESTUAC:"level='asInvoker' uiAccess='false'" /DEBUG /PDB:"Z:\Akshay\git\CS-Projects\Graphics\HW4\Debug\GLSLExperiment.pdb" /TLBID:1 /DYNAMICBASE /NXCOMPAT /IMPLIB:"Z:\Akshay\git\CS-Projects\Graphics\HW4\Debug\GLSLExperiment.lib" /MACHINE:X86 Debug\bmpread.obj
         Debug\CTM.obj
         Debug\main.obj
         Debug\InitShader.obj
         Debug\PlyModel.obj
         Debug\textfile.obj
         LINK : Z:\Akshay\git\CS-Projects\Graphics\HW4\Debug\GLSLExperiment.exe not found or not built by the last incremental link; performing full link
         GLSLExperiment.vcxproj -> Z:\Akshay\git\CS-Projects\Graphics\HW4\Debug\GLSLExperiment.exe
       Manifest:
         C:\Program Files (x86)\Microsoft SDKs\Windows\v7.0A\bin\mt.exe /nologo /verbose /outputresource:"Z:\Akshay\git\CS-Projects\Graphics\HW4\Debug\GLSLExperiment.exe;#1" /manifest Debug\GLSLExperiment.exe.intermediate.manifest
       FinalizeBuildStatus:
         Deleting file "Debug\GLSLExperiment.unsuccessfulbuild".
         Touching "Debug\GLSLExperiment.lastbuildstate".
     1>Done Building Project "Z:\Akshay\git\CS-Projects\Graphics\HW4\GLSLExperiment\GLSLExperiment.vcxproj" (build target(s)).

Build succeeded.

Time Elapsed 00:00:00.87
