Build started 10/2/2014 12:59:03 PM.
     1>Project "C:\Users\Akshay\GitHub\CS-Projects\Graphics\HW3\graphics_starting_code_2\GLSLExperiment\GLSLExperiment.vcxproj" on node 2 (build target(s)).
     1>InitializeBuildStatus:
         Creating "Release\GLSLExperiment.unsuccessfulbuild" because "AlwaysCreate" was specified.
       ClCompile:
         C:\Program Files (x86)\Microsoft Visual Studio 10.0\VC\bin\CL.exe /c /I..\glew\lib /I..\glew\include /I..\freeglut\include\GL /Zi /nologo /W3 /WX- /O2 /Oi /Oy- /GL /D _MBCS /Gm- /EHsc /MD /GS /Gy /fp:precise /Zc:wchar_t /Zc:forScope /Fo"Release\\" /Fd"Release\vc100.pdb" /Gd /TP /analyze- /errorReport:prompt main.cpp
         main.cpp
     1>main.cpp(8): warning C4067: unexpected tokens following preprocessor directive - expected a newline
     1>main.cpp(133): warning C4305: 'argument' : truncation from 'double' to 'float'
     1>main.cpp(133): warning C4305: 'argument' : truncation from 'double' to 'float'
     1>main.cpp(133): warning C4305: 'argument' : truncation from 'double' to 'float'
     1>main.cpp(167): warning C4244: 'argument' : conversion from 'int' to 'GLfloat', possible loss of data
     1>main.cpp(169): warning C4018: '<' : signed/unsigned mismatch
     1>main.cpp(290): warning C4244: 'argument' : conversion from 'time_t' to 'unsigned int', possible loss of data
       ResourceCompile:
         All outputs are up-to-date.
       Link:
         C:\Program Files (x86)\Microsoft Visual Studio 10.0\VC\bin\link.exe /ERRORREPORT:PROMPT /OUT:"C:\Users\Akshay\GitHub\CS-Projects\Graphics\HW3\graphics_starting_code_2\Release\GLSLExperiment.exe" /NOLOGO /LIBPATH:..\glew\lib /LIBPATH:..\freeglut\lib freeglut.lib glew32.lib glew32s.lib opengl32.lib glu32.lib kernel32.lib user32.lib gdi32.lib winspool.lib comdlg32.lib advapi32.lib shell32.lib ole32.lib oleaut32.lib uuid.lib odbc32.lib odbccp32.lib /MANIFEST /ManifestFile:"Release\GLSLExperiment.exe.intermediate.manifest" /MANIFESTUAC:"level='asInvoker' uiAccess='false'" /DEBUG /PDB:"C:\Users\Akshay\GitHub\CS-Projects\Graphics\HW3\graphics_starting_code_2\Release\GLSLExperiment.pdb" /SUBSYSTEM:CONSOLE /OPT:REF /OPT:ICF /LTCG /TLBID:1 /DYNAMICBASE /NXCOMPAT /IMPLIB:"C:\Users\Akshay\GitHub\CS-Projects\Graphics\HW3\graphics_starting_code_2\Release\GLSLExperiment.lib" /MACHINE:X86 Release\GLSLExperiment.res
         Release\CTM.obj
         Release\Grammer.obj
         Release\main.obj
         Release\InitShader.obj
         Release\PlyModel.obj
         Release\textfile.obj
         Generating code
         Finished generating code
         GLSLExperiment.vcxproj -> C:\Users\Akshay\GitHub\CS-Projects\Graphics\HW3\graphics_starting_code_2\Release\GLSLExperiment.exe
       Manifest:
         C:\Program Files (x86)\Microsoft SDKs\Windows\v7.0A\bin\mt.exe /nologo /verbose /outputresource:"C:\Users\Akshay\GitHub\CS-Projects\Graphics\HW3\graphics_starting_code_2\Release\GLSLExperiment.exe;#1" /manifest Release\GLSLExperiment.exe.intermediate.manifest
       FinalizeBuildStatus:
         Deleting file "Release\GLSLExperiment.unsuccessfulbuild".
         Touching "Release\GLSLExperiment.lastbuildstate".
     1>Done Building Project "C:\Users\Akshay\GitHub\CS-Projects\Graphics\HW3\graphics_starting_code_2\GLSLExperiment\GLSLExperiment.vcxproj" (build target(s)).

Build succeeded.

Time Elapsed 00:00:02.17
