(0000) 3000  0011000000000000 (   2)                 .ORIG x3000
(3000) 54A0  0101010010100000 (   4) MAIN            AND   R2 R2 #0
(3001) 56E0  0101011011100000 (   5)                 AND   R3 R3 #0
(3002) 244F  0010010001001111 (   6)                 LD    R2 arrayloc
(3003) E01C  1110000000011100 (   9) inputMAIN       LEA   R0 prompt
(3004) F022  1111000000100010 (  10)                 TRAP  x22
(3005) E045  1110000001000101 (  11)                 LEA   R0 numstring
(3006) 2243  0010001001000011 (  12)                 LD    R1 len
(3007) 484B  0100100001001011 (  13)                 JSR   READNUM
(3008) 5241  0101001001000001 (  14)                 AND   R1 R1 R1
(3009) 0405  0000010000000101 (  15)                 BRZ   dosortMAIN
(300A) 48BD  0100100010111101 (  17)                 JSR   STRtoDECs
(300B) 7280  0111001010000000 (  18)                 STR   R1 R2 #0
(300C) 14A1  0001010010100001 (  19)                 ADD   R2 R2 #1
(300D) 16E1  0001011011100001 (  20)                 ADD   R3 R3 #1
(300E) 0FF4  0000111111110100 (  22)                 BRNZP inputMAIN
(300F) 2042  0010000001000010 (  24) dosortMAIN      LD    R0 arrayloc
(3010) 12E0  0001001011100000 (  25)                 ADD   R1 R3 #0
(3011) 497A  0100100101111010 (  26)                 JSR   SORT
(3012) E01E  1110000000011110 (  28)                 LEA   R0 message
(3013) F022  1111000000100010 (  29)                 TRAP  x22
(3014) E236  1110001000110110 (  31)                 LEA   R1 numstring
(3015) 283C  0010100000111100 (  32)                 LD    R4 arrayloc
(3016) 6100  0110000100000000 (  33) printnumsMAIN   LDR   R0 R4 #0
(3017) 486F  0100100001101111 (  34)                 JSR   DECtoSTR
(3018) E032  1110000000110010 (  36)                 LEA   R0 numstring
(3019) F022  1111000000100010 (  37)                 TRAP  x22
(301A) 206A  0010000001101010 (  38)                 LD    R0 LF
(301B) F021  1111000000100001 (  39)                 TRAP  x21
(301C) 1921  0001100100100001 (  41)                 ADD   R4 R4 #1
(301D) 16FF  0001011011111111 (  42)                 ADD   R3 R3 #-1
(301E) 03F7  0000001111110111 (  43)                 BRP   printnumsMAIN
(301F) F025  1111000000100101 (  44)                 TRAP  x25
(3020) 0045  0000000001000101 (  46) prompt          .FILL x0045
(3021) 006E  0000000001101110 (  46)                 .FILL x006E
(3022) 0074  0000000001110100 (  46)                 .FILL x0074
(3023) 0065  0000000001100101 (  46)                 .FILL x0065
(3024) 0072  0000000001110010 (  46)                 .FILL x0072
(3025) 0020  0000000000100000 (  46)                 .FILL x0020
(3026) 0061  0000000001100001 (  46)                 .FILL x0061
(3027) 0020  0000000000100000 (  46)                 .FILL x0020
(3028) 006E  0000000001101110 (  46)                 .FILL x006E
(3029) 0075  0000000001110101 (  46)                 .FILL x0075
(302A) 006D  0000000001101101 (  46)                 .FILL x006D
(302B) 0062  0000000001100010 (  46)                 .FILL x0062
(302C) 0065  0000000001100101 (  46)                 .FILL x0065
(302D) 0072  0000000001110010 (  46)                 .FILL x0072
(302E) 003A  0000000000111010 (  46)                 .FILL x003A
(302F) 0020  0000000000100000 (  46)                 .FILL x0020
(3030) 0000  0000000000000000 (  46)                 .FILL x0000
(3031) 0041  0000000001000001 (  47) message         .FILL x0041
(3032) 0072  0000000001110010 (  47)                 .FILL x0072
(3033) 0072  0000000001110010 (  47)                 .FILL x0072
(3034) 0061  0000000001100001 (  47)                 .FILL x0061
(3035) 0079  0000000001111001 (  47)                 .FILL x0079
(3036) 0020  0000000000100000 (  47)                 .FILL x0020
(3037) 0068  0000000001101000 (  47)                 .FILL x0068
(3038) 0061  0000000001100001 (  47)                 .FILL x0061
(3039) 0073  0000000001110011 (  47)                 .FILL x0073
(303A) 0020  0000000000100000 (  47)                 .FILL x0020
(303B) 0062  0000000001100010 (  47)                 .FILL x0062
(303C) 0065  0000000001100101 (  47)                 .FILL x0065
(303D) 0065  0000000001100101 (  47)                 .FILL x0065
(303E) 006E  0000000001101110 (  47)                 .FILL x006E
(303F) 0020  0000000000100000 (  47)                 .FILL x0020
(3040) 0073  0000000001110011 (  47)                 .FILL x0073
(3041) 006F  0000000001101111 (  47)                 .FILL x006F
(3042) 0072  0000000001110010 (  47)                 .FILL x0072
(3043) 0074  0000000001110100 (  47)                 .FILL x0074
(3044) 0065  0000000001100101 (  47)                 .FILL x0065
(3045) 0064  0000000001100100 (  47)                 .FILL x0064
(3046) 003A  0000000000111010 (  47)                 .FILL x003A
(3047) 000A  0000000000001010 (  47)                 .FILL x000A
(3048) 0000  0000000000000000 (  47)                 .FILL x0000
(3049) 0000  0000000000000000 (  48) testnum         .FILL x0000
(304A) 0007  0000000000000111 (  49) len             .FILL x0007
(304B) 0000  0000000000000000 (  53) numstring       .FILL x0000
(304C) 0000  0000000000000000 (  53)                 .FILL x0000
(304D) 0000  0000000000000000 (  53)                 .FILL x0000
(304E) 0000  0000000000000000 (  53)                 .FILL x0000
(304F) 0000  0000000000000000 (  53)                 .FILL x0000
(3050) 0000  0000000000000000 (  53)                 .FILL x0000
(3051) 0000  0000000000000000 (  53)                 .FILL x0000
(3052) 31BE  0011000110111110 (  53) arrayloc        .FILL x31BE
(3053) 302A  0011000000101010 (  59) READNUM         ST    R0 r0READNUM
(3054) 342A  0011010000101010 (  60)                 ST    R2 r2READNUM
(3055) 362A  0011011000101010 (  61)                 ST    R3 r3READNUM
(3056) 382A  0011100000101010 (  62)                 ST    R4 r4READNUM
(3057) 3A2A  0011101000101010 (  63)                 ST    R5 r5READNUM
(3058) 3C2A  0011110000101010 (  64)                 ST    R6 r6READNUM
(3059) 3E2A  0011111000101010 (  65)                 ST    R7 r7READNUM
(305A) 1820  0001100000100000 (  67)                 ADD   R4 R0 #0
(305B) 1B01  0001101100000001 (  68)                 ADD   R5 R4 R1
(305C) 1B7F  0001101101111111 (  69)                 ADD   R5 R5 #-1
(305D) 9B7F  1001101101111111 (  70)                 NOT   R5 R5
(305E) 1B61  0001101101100001 (  71)                 ADD   R5 R5 #1
(305F) 5260  0101001001100000 (  72)                 AND   R1 R1 #0
(3060) F020  1111000000100000 (  74) loopREADNUM     TRAP  x20
(3061) 2423  0010010000100011 (  76)                 LD    R2 LF
(3062) 94BF  1001010010111111 (  77)                 NOT   R2 R2
(3063) 14A1  0001010010100001 (  78)                 ADD   R2 R2 #1
(3064) 1480  0001010010000000 (  79)                 ADD   R2 R2 R0
(3065) 040C  0000010000001100 (  80)                 BRZ   doneREADNUM
(3066) 241F  0010010000011111 (  82)                 LD    R2 CR
(3067) 94BF  1001010010111111 (  83)                 NOT   R2 R2
(3068) 14A1  0001010010100001 (  84)                 ADD   R2 R2 #1
(3069) 1480  0001010010000000 (  85)                 ADD   R2 R2 R0
(306A) 0407  0000010000000111 (  86)                 BRZ   doneREADNUM
(306B) 7100  0111000100000000 (  88)                 STR   R0 R4 #0
(306C) 1921  0001100100100001 (  89)                 ADD   R4 R4 #1
(306D) 1261  0001001001100001 (  90)                 ADD   R1 R1 #1
(306E) 1D44  0001110101000100 (  92)                 ADD   R6 R5 R4
(306F) 0402  0000010000000010 (  93)                 BRZ   doneREADNUM
(3070) F021  1111000000100001 (  95)                 TRAP  x21
(3071) 0FEE  0000111111101110 (  96)                 BRNZP loopREADNUM
(3072) 2012  0010000000010010 (  98) doneREADNUM     LD    R0 LF
(3073) F021  1111000000100001 (  99)                 TRAP  x21
(3074) 5020  0101000000100000 ( 100)                 AND   R0 R0 #0
(3075) 7100  0111000100000000 ( 101)                 STR   R0 R4 #0
(3076) 2007  0010000000000111 ( 103)                 LD    R0 r0READNUM
(3077) 2407  0010010000000111 ( 104)                 LD    R2 r2READNUM
(3078) 2607  0010011000000111 ( 105)                 LD    R3 r3READNUM
(3079) 2807  0010100000000111 ( 106)                 LD    R4 r4READNUM
(307A) 2A07  0010101000000111 ( 107)                 LD    R5 r5READNUM
(307B) 2C07  0010110000000111 ( 108)                 LD    R6 r6READNUM
(307C) 2E07  0010111000000111 ( 109)                 LD    R7 r7READNUM
(307D) C1C0  1100000111000000 ( 110)                 RET   
(307E) 0000  0000000000000000 ( 113) r0READNUM       .FILL x0000
(307F) 0000  0000000000000000 ( 114) r2READNUM       .FILL x0000
(3080) 0000  0000000000000000 ( 115) r3READNUM       .FILL x0000
(3081) 0000  0000000000000000 ( 116) r4READNUM       .FILL x0000
(3082) 0000  0000000000000000 ( 117) r5READNUM       .FILL x0000
(3083) 0000  0000000000000000 ( 118) r6READNUM       .FILL x0000
(3084) 0000  0000000000000000 ( 120) r7READNUM       .FILL x0000
(3085) 000A  0000000000001010 ( 120) LF              .FILL x000A
(3086) 000D  0000000000001101 ( 121) CR              .FILL x000D
(3087) 3035  0011000000110101 ( 126) DECtoSTR        ST    R0 r0DECtoSTR
(3088) 3235  0011001000110101 ( 127)                 ST    R1 r1DECtoSTR
(3089) 3435  0011010000110101 ( 128)                 ST    R2 r2DECtoSTR
(308A) 3635  0011011000110101 ( 129)                 ST    R3 r3DECtoSTR
(308B) 3835  0011100000110101 ( 130)                 ST    R4 r4DECtoSTR
(308C) 3A35  0011101000110101 ( 131)                 ST    R5 r5DECtoSTR
(308D) 3C35  0011110000110101 ( 132)                 ST    R6 r6DECtoSTR
(308E) 3E35  0011111000110101 ( 133)                 ST    R7 r7DECtoSTR
(308F) 3035  0011000000110101 ( 134)                 ST    R0 divnumDECtoSTR
(3090) 5000  0101000000000000 ( 136)                 AND   R0 R0 R0
(3091) 0A05  0000101000000101 ( 137)                 BRNP  nonzeroDECtoSTR
(3092) 2C34  0010110000110100 ( 138)                 LD    R6 ASCII0
(3093) 7C40  0111110001000000 ( 139)                 STR   R6 R1 #0
(3094) 5DA0  0101110110100000 ( 140)                 AND   R6 R6 #0
(3095) 7C41  0111110001000001 ( 141)                 STR   R6 R1 #1
(3096) 0E1D  0000111000011101 ( 142)                 BRNZP doneDECtoSTR
(3097) 1860  0001100001100000 ( 144) nonzeroDECtoSTR ADD   R4 R1 #0
(3098) 5260  0101001001100000 ( 145)                 AND   R1 R1 #0
(3099) 126A  0001001001101010 ( 146)                 ADD   R1 R1 #10
(309A) 5000  0101000000000000 ( 148)                 AND   R0 R0 R0
(309B) 0606  0000011000000110 ( 149)                 BRZP  digitsDECtoSTR
(309C) 2429  0010010000101001 ( 150)                 LD    R2 CHAR_MINUS
(309D) 7500  0111010100000000 ( 151)                 STR   R2 R4 #0
(309E) 1921  0001100100100001 ( 152)                 ADD   R4 R4 #1
(309F) 903F  1001000000111111 ( 153)                 NOT   R0 R0
(30A0) 1021  0001000000100001 ( 154)                 ADD   R0 R0 #1
(30A1) 3023  0011000000100011 ( 155)                 ST    R0 divnumDECtoSTR
(30A2) 5B60  0101101101100000 ( 157) digitsDECtoSTR  AND   R5 R5 #0
(30A3) 5000  0101000000000000 ( 158) dloopDECtoSTR   AND   R0 R0 R0
(30A4) 0404  0000010000000100 ( 159)                 BRZ   strDECtoSTR
(30A5) 48A0  0100100010100000 ( 160)                 JSR   DIV
(30A6) 10A0  0001000010100000 ( 161)                 ADD   R0 R2 #0
(30A7) 1B61  0001101101100001 ( 162)                 ADD   R5 R5 #1
(30A8) 0FFA  0000111111111010 ( 163)                 BRNZP dloopDECtoSTR
(30A9) 1B44  0001101101000100 ( 165) strDECtoSTR     ADD   R5 R5 R4
(30AA) 7140  0111000101000000 ( 166)                 STR   R0 R5 #0
(30AB) 1B7F  0001101101111111 ( 167)                 ADD   R5 R5 #-1
(30AC) 2018  0010000000011000 ( 168)                 LD    R0 divnumDECtoSTR
(30AD) 4898  0100100010011000 ( 169) sloopDECtoSTR   JSR   DIV
(30AE) 2C18  0010110000011000 ( 170)                 LD    R6 ASCII0
(30AF) 1D83  0001110110000011 ( 171)                 ADD   R6 R6 R3
(30B0) 7D40  0111110101000000 ( 172)                 STR   R6 R5 #0
(30B1) 1B7F  0001101101111111 ( 173)                 ADD   R5 R5 #-1
(30B2) 10A0  0001000010100000 ( 174)                 ADD   R0 R2 #0
(30B3) 03F9  0000001111111001 ( 175)                 BRP   sloopDECtoSTR
(30B4) 2008  0010000000001000 ( 177) doneDECtoSTR    LD    R0 r0DECtoSTR
(30B5) 2208  0010001000001000 ( 178)                 LD    R1 r1DECtoSTR
(30B6) 2408  0010010000001000 ( 179)                 LD    R2 r2DECtoSTR
(30B7) 2608  0010011000001000 ( 180)                 LD    R3 r3DECtoSTR
(30B8) 2808  0010100000001000 ( 181)                 LD    R4 r4DECtoSTR
(30B9) 2A08  0010101000001000 ( 182)                 LD    R5 r5DECtoSTR
(30BA) 2C08  0010110000001000 ( 183)                 LD    R6 r6DECtoSTR
(30BB) 2E08  0010111000001000 ( 184)                 LD    R7 r7DECtoSTR
(30BC) C1C0  1100000111000000 ( 185)                 RET   
(30BD) 0000  0000000000000000 ( 188) r0DECtoSTR      .FILL x0000
(30BE) 0000  0000000000000000 ( 189) r1DECtoSTR      .FILL x0000
(30BF) 0000  0000000000000000 ( 190) r2DECtoSTR      .FILL x0000
(30C0) 0000  0000000000000000 ( 191) r3DECtoSTR      .FILL x0000
(30C1) 0000  0000000000000000 ( 192) r4DECtoSTR      .FILL x0000
(30C2) 0000  0000000000000000 ( 193) r5DECtoSTR      .FILL x0000
(30C3) 0000  0000000000000000 ( 194) r6DECtoSTR      .FILL x0000
(30C4) 0000  0000000000000000 ( 195) r7DECtoSTR      .FILL x0000
(30C5) 0000  0000000000000000 ( 196) divnumDECtoSTR  .FILL x0000
(30C6) 002D  0000000000101101 ( 196) CHAR_MINUS      .FILL x002D
(30C7) 0030  0000000000110000 ( 197) ASCII0          .FILL x0030
(30C8) 301D  0011000000011101 ( 203) STRtoDECs       ST    R0 r0STRtoDECs
(30C9) 341D  0011010000011101 ( 204)                 ST    R2 r2STRtoDECs
(30CA) 361D  0011011000011101 ( 205)                 ST    R3 r3STRtoDECs
(30CB) 381D  0011100000011101 ( 206)                 ST    R4 r4STRtoDECs
(30CC) 3E1D  0011111000011101 ( 207)                 ST    R7 r7STRtoDECs
(30CD) 5920  0101100100100000 ( 209)                 AND   R4 R4 #0
(30CE) 6400  0110010000000000 ( 210)                 LDR   R2 R0 #0
(30CF) 261B  0010011000011011 ( 211)                 LD    R3 MINUS
(30D0) 16C2  0001011011000010 ( 212)                 ADD   R3 R3 R2
(30D1) 0A02  0000101000000010 ( 213)                 BRNP  plusSTRtoDECs
(30D2) 193F  0001100100111111 ( 214)                 ADD   R4 R4 #-1
(30D3) 0E04  0000111000000100 ( 215)                 BRNZP convSTRtoDECs
(30D4) 2617  0010011000010111 ( 216) plusSTRtoDECs   LD    R3 PLUS
(30D5) 16C2  0001011011000010 ( 217)                 ADD   R3 R3 R2
(30D6) 0A01  0000101000000001 ( 218)                 BRNP  convSTRtoDECs
(30D7) 1921  0001100100100001 ( 219)                 ADD   R4 R4 #1
(30D8) 5904  0101100100000100 ( 221) convSTRtoDECs   AND   R4 R4 R4
(30D9) 0401  0000010000000001 ( 222)                 BRZ   callSTRtoDECs
(30DA) 1021  0001000000100001 ( 223)                 ADD   R0 R0 #1
(30DB) 4811  0100100000010001 ( 224) callSTRtoDECs   JSR   STRtoDEC
(30DC) 5904  0101100100000100 ( 225)                 AND   R4 R4 R4
(30DD) 0602  0000011000000010 ( 226)                 BRZP  doneSTRtoDECs
(30DE) 927F  1001001001111111 ( 227)                 NOT   R1 R1
(30DF) 1261  0001001001100001 ( 228)                 ADD   R1 R1 #1
(30E0) 2005  0010000000000101 ( 230) doneSTRtoDECs   LD    R0 r0STRtoDECs
(30E1) 2405  0010010000000101 ( 231)                 LD    R2 r2STRtoDECs
(30E2) 2605  0010011000000101 ( 232)                 LD    R3 r3STRtoDECs
(30E3) 2805  0010100000000101 ( 233)                 LD    R4 r4STRtoDECs
(30E4) 2E05  0010111000000101 ( 234)                 LD    R7 r7STRtoDECs
(30E5) C1C0  1100000111000000 ( 235)                 RET   
(30E6) 0000  0000000000000000 ( 239) r0STRtoDECs     .FILL x0000
(30E7) 0000  0000000000000000 ( 240) r2STRtoDECs     .FILL x0000
(30E8) 0000  0000000000000000 ( 241) r3STRtoDECs     .FILL x0000
(30E9) 0000  0000000000000000 ( 242) r4STRtoDECs     .FILL x0000
(30EA) 0000  0000000000000000 ( 244) r7STRtoDECs     .FILL x0000
(30EB) FFD3  1111111111010011 ( 244) MINUS           .FILL xFFD3
(30EC) FFD5  1111111111010101 ( 245) PLUS            .FILL xFFD5
(30ED) 302E  0011000000101110 ( 251) STRtoDEC        ST    R0 reg0STRtoDEC
(30EE) 322E  0011001000101110 ( 252)                 ST    R1 reg1STRtoDEC
(30EF) 342E  0011010000101110 ( 253)                 ST    R2 reg2STRtoDEC
(30F0) 3A30  0011101000110000 ( 254)                 ST    R5 reg5STRtoDEC
(30F1) 362D  0011011000101101 ( 255)                 ST    R3 reg3STRtoDEC
(30F2) 382D  0011100000101101 ( 256)                 ST    R4 reg4STRtoDEC
(30F3) 3C2E  0011110000101110 ( 257)                 ST    R6 reg6STRtoDEC
(30F4) 3E2E  0011111000101110 ( 258)                 ST    R7 reg7STRtoDEC
(30F5) 983F  1001100000111111 ( 261)                 NOT   R4 R0
(30F6) 1921  0001100100100001 ( 262)                 ADD   R4 R4 #1
(30F7) 5A00  0101101000000000 ( 263)                 AND   R5 R0 R0
(30F8) 6740  0110011101000000 ( 266) countSTRtoDEC   LDR   R3 R5 #0
(30F9) 202A  0010000000101010 ( 267)                 LD    R0 ASCII_MINn
(30FA) 1003  0001000000000011 ( 268)                 ADD   R0 R0 R3
(30FB) 0805  0000100000000101 ( 269)                 BRN   convertSTRtoDEC
(30FC) 2028  0010000000101000 ( 270)                 LD    R0 ASCII_MAXn
(30FD) 1003  0001000000000011 ( 271)                 ADD   R0 R0 R3
(30FE) 0202  0000001000000010 ( 272)                 BRP   convertSTRtoDEC
(30FF) 1B61  0001101101100001 ( 273)                 ADD   R5 R5 #1
(3100) 0FF7  0000111111110111 ( 274)                 BRNZP countSTRtoDEC
(3101) 5DA0  0101110110100000 ( 277) convertSTRtoDEC AND   R6 R6 #0
(3102) 5260  0101001001100000 ( 278)                 AND   R1 R1 #0
(3103) 1261  0001001001100001 ( 279)                 ADD   R1 R1 #1
(3104) 1B7F  0001101101111111 ( 280)                 ADD   R5 R5 #-1
(3105) 5104  0101000100000100 ( 281) loopSTRtoDEC    AND   R0 R4 R4
(3106) 1140  0001000101000000 ( 282)                 ADD   R0 R5 R0
(3107) 080C  0000100000001100 ( 283)                 BRN   doneSTRtoDEC
(3108) 6740  0110011101000000 ( 284)                 LDR   R3 R5 #0
(3109) 241A  0010010000011010 ( 285)                 LD    R2 ASCII_MINn
(310A) 16C2  0001011011000010 ( 286)                 ADD   R3 R3 R2
(310B) 50C3  0101000011000011 ( 287)                 AND   R0 R3 R3
(310C) 4819  0100100000011001 ( 288)                 JSR   MULT
(310D) 1D82  0001110110000010 ( 289)                 ADD   R6 R6 R2
(310E) 1B7F  0001101101111111 ( 290)                 ADD   R5 R5 #-1
(310F) 5020  0101000000100000 ( 292)                 AND   R0 R0 #0
(3110) 102A  0001000000101010 ( 293)                 ADD   R0 R0 #10
(3111) 4814  0100100000010100 ( 294)                 JSR   MULT
(3112) 5282  0101001010000010 ( 295)                 AND   R1 R2 R2
(3113) 0FF1  0000111111110001 ( 296)                 BRNZP loopSTRtoDEC
(3114) 5386  0101001110000110 ( 298) doneSTRtoDEC    AND   R1 R6 R6
(3115) 2408  0010010000001000 ( 299)                 LD    R2 reg2STRtoDEC
(3116) 2608  0010011000001000 ( 300)                 LD    R3 reg3STRtoDEC
(3117) 2808  0010100000001000 ( 301)                 LD    R4 reg4STRtoDEC
(3118) 2A08  0010101000001000 ( 302)                 LD    R5 reg5STRtoDEC
(3119) 2C08  0010110000001000 ( 303)                 LD    R6 reg6STRtoDEC
(311A) 2E08  0010111000001000 ( 304)                 LD    R7 reg7STRtoDEC
(311B) C1C0  1100000111000000 ( 305)                 RET   
(311C) 0000  0000000000000000 ( 308) reg0STRtoDEC    .FILL x0000
(311D) 0000  0000000000000000 ( 309) reg1STRtoDEC    .FILL x0000
(311E) 0000  0000000000000000 ( 310) reg2STRtoDEC    .FILL x0000
(311F) 0000  0000000000000000 ( 311) reg3STRtoDEC    .FILL x0000
(3120) 0000  0000000000000000 ( 312) reg4STRtoDEC    .FILL x0000
(3121) 0000  0000000000000000 ( 313) reg5STRtoDEC    .FILL x0000
(3122) 0000  0000000000000000 ( 314) reg6STRtoDEC    .FILL x0000
(3123) 0000  0000000000000000 ( 316) reg7STRtoDEC    .FILL x0000
(3124) FFD0  1111111111010000 ( 316) ASCII_MINn      .FILL xFFD0
(3125) FFC7  1111111111000111 ( 317) ASCII_MAXn      .FILL xFFC7
(3126) 3E16  0011111000010110 ( 322) MULT            ST    R7 reg7MULT
(3127) 3214  0011001000010100 ( 323)                 ST    R1 reg1MULT
(3128) 3012  0011000000010010 ( 324)                 ST    R0 reg0MULT
(3129) 5241  0101001001000001 ( 325)                 AND   R1 R1 R1
(312A) 0602  0000011000000010 ( 326)                 BRZP  notneg0MULT
(312B) 927F  1001001001111111 ( 327)                 NOT   R1 R1
(312C) 1261  0001001001100001 ( 328)                 ADD   R1 R1 #1
(312D) 4810  0100100000010000 ( 330) notneg0MULT     JSR   MULT1
(312E) 220C  0010001000001100 ( 331)                 LD    R1 reg0MULT
(312F) 5241  0101001001000001 ( 332)                 AND   R1 R1 R1
(3130) 0602  0000011000000010 ( 333)                 BRZP  notnegMULT
(3131) 94BF  1001010010111111 ( 334)                 NOT   R2 R2
(3132) 14A1  0001010010100001 ( 335)                 ADD   R2 R2 #1
(3133) 2208  0010001000001000 ( 337) notnegMULT      LD    R1 reg1MULT
(3134) 5241  0101001001000001 ( 338)                 AND   R1 R1 R1
(3135) 0A01  0000101000000001 ( 339)                 BRNP  notzeroMULT
(3136) 54A0  0101010010100000 ( 340)                 AND   R2 R2 #0
(3137) 2003  0010000000000011 ( 342) notzeroMULT     LD    R0 reg0MULT
(3138) 2203  0010001000000011 ( 343)                 LD    R1 reg1MULT
(3139) 2E03  0010111000000011 ( 344)                 LD    R7 reg7MULT
(313A) C1C0  1100000111000000 ( 345)                 RET   
(313B) 0000  0000000000000000 ( 347) reg0MULT        .FILL x0000
(313C) 0000  0000000000000000 ( 348) reg1MULT        .FILL x0000
(313D) 0000  0000000000000000 ( 355) reg7MULT        .FILL x0000
(313E) 3206  0011001000000110 ( 355) MULT1           ST    R1 reg0MULT1
(313F) 54A0  0101010010100000 ( 356)                 AND   R2 R2 #0
(3140) 1480  0001010010000000 ( 361) loopMULT1       ADD   R2 R2 R0
(3141) 127F  0001001001111111 ( 362)                 ADD   R1 R1 #-1
(3142) 03FD  0000001111111101 ( 363)                 BRP   loopMULT1
(3143) 2201  0010001000000001 ( 366)                 LD    R1 reg0MULT1
(3144) C1C0  1100000111000000 ( 367)                 RET   
(3145) 0000  0000000000000000 ( 372) reg0MULT1       .FILL x0000
(3146) 3030  0011000000110000 ( 372) DIV             ST    R0 reg0DIV
(3147) 3230  0011001000110000 ( 373)                 ST    R1 reg1DIV
(3148) 3E30  0011111000110000 ( 374)                 ST    R7 reg7DIV
(3149) 5241  0101001001000001 ( 375)                 AND   R1 R1 R1
(314A) 0802  0000100000000010 ( 376)                 BRN   bnDIV
(314B) 0413  0000010000010011 ( 377)                 BRZ   bzDIV
(314C) 0215  0000001000010101 ( 378)                 BRP   bpDIV
(314D) 5000  0101000000000000 ( 381) bnDIV           AND   R0 R0 R0
(314E) 0802  0000100000000010 ( 382)                 BRN   bnanDIV
(314F) 0420  0000010000100000 ( 383)                 BRZ   azDIV
(3150) 0208  0000001000001000 ( 384)                 BRP   bnapDIV
(3151) 903F  1001000000111111 ( 387) bnanDIV         NOT   R0 R0
(3152) 1021  0001000000100001 ( 388)                 ADD   R0 R0 #1
(3153) 927F  1001001001111111 ( 389)                 NOT   R1 R1
(3154) 1261  0001001001100001 ( 390)                 ADD   R1 R1 #1
(3155) 4824  0100100000100100 ( 391)                 JSR   DIV1
(3156) 96FF  1001011011111111 ( 392)                 NOT   R3 R3
(3157) 16E1  0001011011100001 ( 393)                 ADD   R3 R3 #1
(3158) 0E1A  0000111000011010 ( 394)                 BRNZP doneDIV
(3159) 927F  1001001001111111 ( 397) bnapDIV         NOT   R1 R1
(315A) 1261  0001001001100001 ( 398)                 ADD   R1 R1 #1
(315B) 481E  0100100000011110 ( 399)                 JSR   DIV1
(315C) 94BF  1001010010111111 ( 400)                 NOT   R2 R2
(315D) 14A1  0001010010100001 ( 401)                 ADD   R2 R2 #1
(315E) 0E14  0000111000010100 ( 402)                 BRNZP doneDIV
(315F) 54A0  0101010010100000 ( 405) bzDIV           AND   R2 R2 #0
(3160) 56E0  0101011011100000 ( 406)                 AND   R3 R3 #0
(3161) 0E11  0000111000010001 ( 407)                 BRNZP doneDIV
(3162) 5000  0101000000000000 ( 410) bpDIV           AND   R0 R0 R0
(3163) 0802  0000100000000010 ( 411)                 BRN   bpanDIV
(3164) 040B  0000010000001011 ( 412)                 BRZ   azDIV
(3165) 0208  0000001000001000 ( 413)                 BRP   bpapDIV
(3166) 903F  1001000000111111 ( 416) bpanDIV         NOT   R0 R0
(3167) 1021  0001000000100001 ( 417)                 ADD   R0 R0 #1
(3168) 4811  0100100000010001 ( 418)                 JSR   DIV1
(3169) 94BF  1001010010111111 ( 419)                 NOT   R2 R2
(316A) 14A1  0001010010100001 ( 420)                 ADD   R2 R2 #1
(316B) 96FF  1001011011111111 ( 421)                 NOT   R3 R3
(316C) 16E1  0001011011100001 ( 422)                 ADD   R3 R3 #1
(316D) 0E05  0000111000000101 ( 423)                 BRNZP doneDIV
(316E) 480B  0100100000001011 ( 426) bpapDIV         JSR   DIV1
(316F) 0E03  0000111000000011 ( 427)                 BRNZP doneDIV
(3170) 54A0  0101010010100000 ( 431) azDIV           AND   R2 R2 #0
(3171) 56E0  0101011011100000 ( 432)                 AND   R3 R3 #0
(3172) 0E00  0000111000000000 ( 433)                 BRNZP doneDIV
(3173) 2003  0010000000000011 ( 435) doneDIV         LD    R0 reg0DIV
(3174) 2203  0010001000000011 ( 436)                 LD    R1 reg1DIV
(3175) 2E03  0010111000000011 ( 437)                 LD    R7 reg7DIV
(3176) C1C0  1100000111000000 ( 438)                 RET   
(3177) 0000  0000000000000000 ( 441) reg0DIV         .FILL x0000
(3178) 0000  0000000000000000 ( 442) reg1DIV         .FILL x0000
(3179) 0000  0000000000000000 ( 448) reg7DIV         .FILL x0000
(317A) 300F  0011000000001111 ( 448) DIV1            ST    R0 reg0DIV1
(317B) 320F  0011001000001111 ( 449)                 ST    R1 reg1DIV1
(317C) 54A0  0101010010100000 ( 451)                 AND   R2 R2 #0
(317D) 927F  1001001001111111 ( 452)                 NOT   R1 R1
(317E) 1261  0001001001100001 ( 453)                 ADD   R1 R1 #1
(317F) 14A1  0001010010100001 ( 455) loopDIV1        ADD   R2 R2 #1
(3180) 1001  0001000000000001 ( 456)                 ADD   R0 R0 R1
(3181) 07FD  0000011111111101 ( 457)                 BRZP  loopDIV1
(3182) 927F  1001001001111111 ( 458)                 NOT   R1 R1
(3183) 1261  0001001001100001 ( 459)                 ADD   R1 R1 #1
(3184) 1001  0001000000000001 ( 460)                 ADD   R0 R0 R1
(3185) 14BF  0001010010111111 ( 461)                 ADD   R2 R2 #-1
(3186) 5600  0101011000000000 ( 462)                 AND   R3 R0 R0
(3187) 2002  0010000000000010 ( 465)                 LD    R0 reg0DIV1
(3188) 2202  0010001000000010 ( 466)                 LD    R1 reg1DIV1
(3189) C1C0  1100000111000000 ( 467)                 RET   
(318A) 0000  0000000000000000 ( 470) reg0DIV1        .FILL x0000
(318B) 0000  0000000000000000 ( 478) reg1DIV1        .FILL x0000
(318C) 3029  0011000000101001 ( 478) SORT            ST    R0 reg0SORT
(318D) 3229  0011001000101001 ( 479)                 ST    R1 reg1SORT
(318E) 3429  0011010000101001 ( 480)                 ST    R2 reg2SORT
(318F) 3629  0011011000101001 ( 481)                 ST    R3 reg3SORT
(3190) 3829  0011100000101001 ( 482)                 ST    R4 reg4SORT
(3191) 3A29  0011101000101001 ( 483)                 ST    R5 reg5SORT
(3192) 3C29  0011110000101001 ( 484)                 ST    R6 reg6SORT
(3193) 3E29  0011111000101001 ( 485)                 ST    R7 reg7SORT
(3194) 1240  0001001001000000 ( 487)                 ADD   R1 R1 R0
(3195) 127F  0001001001111111 ( 488)                 ADD   R1 R1 #-1
(3196) 927F  1001001001111111 ( 489)                 NOT   R1 R1
(3197) 1261  0001001001100001 ( 490)                 ADD   R1 R1 #1
(3198) 6E00  0110111000000000 ( 492) loopASORT       LDR   R7 R0 #0
(3199) 55C7  0101010111000111 ( 493)                 AND   R2 R7 R7
(319A) 5600  0101011000000000 ( 494)                 AND   R3 R0 R0
(319B) 5800  0101100000000000 ( 496)                 AND   R4 R0 R0
(319C) 1921  0001100100100001 ( 497) loopBSORT       ADD   R4 R4 #1
(319D) 6B00  0110101100000000 ( 498)                 LDR   R5 R4 #0
(319E) 9B7F  1001101101111111 ( 499)                 NOT   R5 R5
(319F) 1B61  0001101101100001 ( 500)                 ADD   R5 R5 #1
(31A0) 1A85  0001101010000101 ( 501)                 ADD   R5 R2 R5
(31A1) 0602  0000011000000010 ( 502)                 BRZP  nextjSORT
(31A2) 6500  0110010100000000 ( 503)                 LDR   R2 R4 #0
(31A3) 5704  0101011100000100 ( 504)                 AND   R3 R4 R4
(31A4) 1D01  0001110100000001 ( 506) nextjSORT       ADD   R6 R4 R1
(31A5) 09F6  0000100111110110 ( 507)                 BRN   loopBSORT
(31A6) 7400  0111010000000000 ( 510)                 STR   R2 R0 #0
(31A7) 7EC0  0111111011000000 ( 511)                 STR   R7 R3 #0
(31A8) 1C01  0001110000000001 ( 513) nextiSORT       ADD   R6 R0 R1
(31A9) 1DA1  0001110110100001 ( 514)                 ADD   R6 R6 #1
(31AA) 0602  0000011000000010 ( 515)                 BRZP  finSORT
(31AB) 1021  0001000000100001 ( 516)                 ADD   R0 R0 #1
(31AC) 0FEB  0000111111101011 ( 517)                 BRNZP loopASORT
(31AD) 2008  0010000000001000 ( 519) finSORT         LD    R0 reg0SORT
(31AE) 2208  0010001000001000 ( 520)                 LD    R1 reg1SORT
(31AF) 2408  0010010000001000 ( 521)                 LD    R2 reg2SORT
(31B0) 2608  0010011000001000 ( 522)                 LD    R3 reg3SORT
(31B1) 2808  0010100000001000 ( 523)                 LD    R4 reg4SORT
(31B2) 2A08  0010101000001000 ( 524)                 LD    R5 reg5SORT
(31B3) 2C08  0010110000001000 ( 525)                 LD    R6 reg6SORT
(31B4) 2E08  0010111000001000 ( 526)                 LD    R7 reg7SORT
(31B5) C1C0  1100000111000000 ( 527)                 RET   
(31B6) 0000  0000000000000000 ( 530) reg0SORT        .FILL x0000
(31B7) 0000  0000000000000000 ( 531) reg1SORT        .FILL x0000
(31B8) 0000  0000000000000000 ( 532) reg2SORT        .FILL x0000
(31B9) 0000  0000000000000000 ( 533) reg3SORT        .FILL x0000
(31BA) 0000  0000000000000000 ( 534) reg4SORT        .FILL x0000
(31BB) 0000  0000000000000000 ( 535) reg5SORT        .FILL x0000
(31BC) 0000  0000000000000000 ( 536) reg6SORT        .FILL x0000
(31BD) 0000  0000000000000000 ( 537) reg7SORT        .FILL x0000
(31BE) 0000  0000000000000000 ( 540) array           .FILL x0000
