(0000) 3000  0011000000000000 (   2)                 .ORIG x3000
(3000) 201E  0010000000011110 (   4)                 LD    R0 ten
(3001) 221E  0010001000011110 (   5)                 LD    R1 three
(3002) 4821  0100100000100001 (   6)                 JSR   MULT
(3003) 201D  0010000000011101 (   8)                 LD    R0 nten
(3004) 221B  0010001000011011 (   9)                 LD    R1 three
(3005) 481E  0100100000011110 (  10)                 JSR   MULT
(3006) 201A  0010000000011010 (  12)                 LD    R0 nten
(3007) 221B  0010001000011011 (  13)                 LD    R1 zero
(3008) 481B  0100100000011011 (  14)                 JSR   MULT
(3009) 2017  0010000000010111 (  18)                 LD    R0 nten
(300A) 2217  0010001000010111 (  19)                 LD    R1 nthree
(300B) 4818  0100100000011000 (  20)                 JSR   MULT
(300C) 2016  0010000000010110 (  22)                 LD    R0 zero
(300D) 2214  0010001000010100 (  23)                 LD    R1 nthree
(300E) 4815  0100100000010101 (  24)                 JSR   MULT
(300F) 200F  0010000000001111 (  26)                 LD    R0 ten
(3010) 2211  0010001000010001 (  27)                 LD    R1 nthree
(3011) 4812  0100100000010010 (  28)                 JSR   MULT
(3012) 2010  0010000000010000 (  30)                 LD    R0 zero
(3013) 220F  0010001000001111 (  31)                 LD    R1 zero
(3014) 480F  0100100000001111 (  32)                 JSR   MULT
(3015) 200B  0010000000001011 (  34)                 LD    R0 nten
(3016) 2209  0010001000001001 (  35)                 LD    R1 three
(3017) 480C  0100100000001100 (  36)                 JSR   MULT
(3018) 200A  0010000000001010 (  38)                 LD    R0 zero
(3019) 2206  0010001000000110 (  39)                 LD    R1 three
(301A) 4809  0100100000001001 (  40)                 JSR   MULT
(301B) 2003  0010000000000011 (  42)                 LD    R0 ten
(301C) 2203  0010001000000011 (  43)                 LD    R1 three
(301D) 4806  0100100000000110 (  44)                 JSR   MULT
(301E) F025  1111000000100101 (  46)                 TRAP  x25
(301F) 000A  0000000000001010 (  48) ten             .FILL x000A
(3020) 0003  0000000000000011 (  49) three           .FILL x0003
(3021) FFF6  1111111111110110 (  50) nten            .FILL xFFF6
(3022) FFFD  1111111111111101 (  51) nthree          .FILL xFFFD
(3023) 0000  0000000000000000 (  52) zero            .FILL x0000
(3024) 3E16  0011111000010110 (  56) MULT            ST    R7 reg7
(3025) 3214  0011001000010100 (  57)                 ST    R1 reg1
(3026) 3012  0011000000010010 (  58)                 ST    R0 reg0
(3027) 5241  0101001001000001 (  59)                 AND   R1 R1 R1
(3028) 0602  0000011000000010 (  60)                 BRZP  notneg0
(3029) 927F  1001001001111111 (  61)                 NOT   R1 R1
(302A) 1261  0001001001100001 (  62)                 ADD   R1 R1 #1
(302B) 4810  0100100000010000 (  64) notneg0         JSR   MULT1
(302C) 220C  0010001000001100 (  65)                 LD    R1 reg0
(302D) 5241  0101001001000001 (  66)                 AND   R1 R1 R1
(302E) 0602  0000011000000010 (  67)                 BRZP  notneg
(302F) 94BF  1001010010111111 (  68)                 NOT   R2 R2
(3030) 14A1  0001010010100001 (  69)                 ADD   R2 R2 #1
(3031) 2208  0010001000001000 (  71) notneg          LD    R1 reg1
(3032) 5241  0101001001000001 (  72)                 AND   R1 R1 R1
(3033) 0A01  0000101000000001 (  73)                 BRNP  notzero
(3034) 54A0  0101010010100000 (  74)                 AND   R2 R2 #0
(3035) 2003  0010000000000011 (  76) notzero         LD    R0 reg0
(3036) 2203  0010001000000011 (  77)                 LD    R1 reg1
(3037) 2E03  0010111000000011 (  78)                 LD    R7 reg7
(3038) C1C0  1100000111000000 (  79)                 RET   
(3039) 0000  0000000000000000 (  81) reg0            .FILL x0000
(303A) 0000  0000000000000000 (  82) reg1            .FILL x0000
(303B) 0000  0000000000000000 (  89) reg7            .FILL x0000
(303C) 3206  0011001000000110 (  89) MULT1           ST    R1 SAVE_R1
(303D) 54A0  0101010010100000 (  90)                 AND   R2 R2 #0
(303E) 1480  0001010010000000 (  95) LOOP            ADD   R2 R2 R0
(303F) 127F  0001001001111111 (  96)                 ADD   R1 R1 #-1
(3040) 03FD  0000001111111101 (  97)                 BRP   LOOP
(3041) 2201  0010001000000001 ( 100)                 LD    R1 SAVE_R1
(3042) C1C0  1100000111000000 ( 101)                 RET   
(3043) 0000  0000000000000000 ( 106) SAVE_R1         .FILL x0000
(3044) 3030  0011000000110000 ( 106) DIV             ST    R0 reg0d
(3045) 3230  0011001000110000 ( 107)                 ST    R1 reg1d
(3046) 3E30  0011111000110000 ( 108)                 ST    R7 reg7d
(3047) 5241  0101001001000001 ( 109)                 AND   R1 R1 R1
(3048) 0802  0000100000000010 ( 110)                 BRN   bn
(3049) 0413  0000010000010011 ( 111)                 BRZ   bz
(304A) 0215  0000001000010101 ( 112)                 BRP   bp
(304B) 5000  0101000000000000 ( 115) bn              AND   R0 R0 R0
(304C) 0802  0000100000000010 ( 116)                 BRN   bnan
(304D) 0420  0000010000100000 ( 117)                 BRZ   az
(304E) 0208  0000001000001000 ( 118)                 BRP   bnap
(304F) 903F  1001000000111111 ( 121) bnan            NOT   R0 R0
(3050) 1021  0001000000100001 ( 122)                 ADD   R0 R0 #1
(3051) 927F  1001001001111111 ( 123)                 NOT   R1 R1
(3052) 1261  0001001001100001 ( 124)                 ADD   R1 R1 #1
(3053) 4824  0100100000100100 ( 125)                 JSR   DIV1
(3054) 96FF  1001011011111111 ( 126)                 NOT   R3 R3
(3055) 16E1  0001011011100001 ( 127)                 ADD   R3 R3 #1
(3056) 0E1A  0000111000011010 ( 128)                 BRNZP divdone
(3057) 927F  1001001001111111 ( 131) bnap            NOT   R1 R1
(3058) 1261  0001001001100001 ( 132)                 ADD   R1 R1 #1
(3059) 481E  0100100000011110 ( 133)                 JSR   DIV1
(305A) 94BF  1001010010111111 ( 134)                 NOT   R2 R2
(305B) 14A1  0001010010100001 ( 135)                 ADD   R2 R2 #1
(305C) 0E14  0000111000010100 ( 136)                 BRNZP divdone
(305D) 54A0  0101010010100000 ( 139) bz              AND   R2 R2 #0
(305E) 56E0  0101011011100000 ( 140)                 AND   R3 R3 #0
(305F) 0E11  0000111000010001 ( 141)                 BRNZP divdone
(3060) 5000  0101000000000000 ( 144) bp              AND   R0 R0 R0
(3061) 0802  0000100000000010 ( 145)                 BRN   bpan
(3062) 040B  0000010000001011 ( 146)                 BRZ   az
(3063) 0208  0000001000001000 ( 147)                 BRP   bpap
(3064) 903F  1001000000111111 ( 150) bpan            NOT   R0 R0
(3065) 1021  0001000000100001 ( 151)                 ADD   R0 R0 #1
(3066) 4811  0100100000010001 ( 152)                 JSR   DIV1
(3067) 94BF  1001010010111111 ( 153)                 NOT   R2 R2
(3068) 14A1  0001010010100001 ( 154)                 ADD   R2 R2 #1
(3069) 96FF  1001011011111111 ( 155)                 NOT   R3 R3
(306A) 16E1  0001011011100001 ( 156)                 ADD   R3 R3 #1
(306B) 0E05  0000111000000101 ( 157)                 BRNZP divdone
(306C) 480B  0100100000001011 ( 160) bpap            JSR   DIV1
(306D) 0E03  0000111000000011 ( 161)                 BRNZP divdone
(306E) 54A0  0101010010100000 ( 165) az              AND   R2 R2 #0
(306F) 56E0  0101011011100000 ( 166)                 AND   R3 R3 #0
(3070) 0E00  0000111000000000 ( 167)                 BRNZP divdone
(3071) 2003  0010000000000011 ( 169) divdone         LD    R0 reg0d
(3072) 2203  0010001000000011 ( 170)                 LD    R1 reg1d
(3073) 2E03  0010111000000011 ( 171)                 LD    R7 reg7d
(3074) C1C0  1100000111000000 ( 172)                 RET   
(3075) 0000  0000000000000000 ( 175) reg0d           .FILL x0000
(3076) 0000  0000000000000000 ( 176) reg1d           .FILL x0000
(3077) 0000  0000000000000000 ( 182) reg7d           .FILL x0000
(3078) 3210  0011001000010000 ( 182) DIV1            ST    R1 reg1d1
(3079) 300E  0011000000001110 ( 183)                 ST    R0 reg0d1
(307A) 54A0  0101010010100000 ( 184)                 AND   R2 R2 #0
(307B) 927F  1001001001111111 ( 185)                 NOT   R1 R1
(307C) 1261  0001001001100001 ( 186)                 ADD   R1 R1 #1
(307D) 14A1  0001010010100001 ( 192) LOOPD           ADD   R2 R2 #1
(307E) 1001  0001000000000001 ( 193)                 ADD   R0 R0 R1
(307F) 07FD  0000011111111101 ( 194)                 BRZP  LOOPD
(3080) 927F  1001001001111111 ( 195)                 NOT   R1 R1
(3081) 1261  0001001001100001 ( 196)                 ADD   R1 R1 #1
(3082) 1001  0001000000000001 ( 197)                 ADD   R0 R0 R1
(3083) 14BF  0001010010111111 ( 198)                 ADD   R2 R2 #-1
(3084) 5600  0101011000000000 ( 199)                 AND   R3 R0 R0
(3085) 2002  0010000000000010 ( 202)                 LD    R0 reg0d1
(3086) 2202  0010001000000010 ( 203)                 LD    R1 reg1d1
(3087) C1C0  1100000111000000 ( 204)                 RET   
(3088) 0000  0000000000000000 ( 207) reg0d1          .FILL x0000
(3089) 0000  0000000000000000 ( 209) reg1d1          .FILL x0000
