(0000) 3000  0011000000000000 (   7)                 .ORIG x3000
(3000) E02C  1110000000101100 (   9)                 LEA   R0 STRTMSG
(3001) F022  1111000000100010 (  10)                 TRAP  x22
(3002) 2228  0010001000101000 (  11)                 LD    R1 PTR
(3003) 2428  0010010000101000 (  12)                 LD    R2 NLINE
(3004) 94BF  1001010010111111 (  13)                 NOT   R2 R2
(3005) 14A1  0001010010100001 (  14)                 ADD   R2 R2 #1
(3006) F020  1111000000100000 (  15) INPUT           TRAP  x20
(3007) F021  1111000000100001 (  16)                 TRAP  x21
(3008) 7040  0111000001000000 (  17)                 STR   R0 R1 #0
(3009) 1002  0001000000000010 (  18)                 ADD   R0 R0 R2
(300A) 0402  0000010000000010 (  19)                 BRZ   PCHECK
(300B) 1261  0001001001100001 (  20)                 ADD   R1 R1 #1
(300C) 0FF9  0000111111111001 (  21)                 BRNZP INPUT
(300D) 5020  0101000000100000 (  24) PCHECK          AND   R0 R0 #0
(300E) 7040  0111000001000000 (  25)                 STR   R0 R1 #0
(300F) 201B  0010000000011011 (  26)                 LD    R0 PTR
(3010) 1220  0001001000100000 (  27)                 ADD   R1 R0 #0
(3011) 6440  0110010001000000 (  32) AGAIN           LDR   R2 R1 #0
(3012) 0402  0000010000000010 (  33)                 BRZ   CONT
(3013) 1261  0001001001100001 (  34)                 ADD   R1 R1 #1
(3014) 0FFC  0000111111111100 (  35)                 BRNZP AGAIN
(3015) 127F  0001001001111111 (  37) CONT            ADD   R1 R1 #-1
(3016) 6600  0110011000000000 (  38) LOOP            LDR   R3 R0 #0
(3017) 6840  0110100001000000 (  39)                 LDR   R4 R1 #0
(3018) 993F  1001100100111111 (  43)                 NOT   R4 R4
(3019) 1921  0001100100100001 (  44)                 ADD   R4 R4 #1
(301A) 16C4  0001011011000100 (  45)                 ADD   R3 R3 R4
(301B) 0A0B  0000101000001011 (  46)                 BRNP  NO
(301C) 1021  0001000000100001 (  47)                 ADD   R0 R0 #1
(301D) 127F  0001001001111111 (  48)                 ADD   R1 R1 #-1
(301E) 943F  1001010000111111 (  52)                 NOT   R2 R0
(301F) 14A1  0001010010100001 (  53)                 ADD   R2 R2 #1
(3020) 1442  0001010001000010 (  54)                 ADD   R2 R1 R2
(3021) 0C01  0000110000000001 (  55)                 BRNZ  YES
(3022) 0FF3  0000111111110011 (  56)                 BRNZP LOOP
(3023) 5B60  0101101101100000 (  59) YES             AND   R5 R5 #0
(3024) 1B61  0001101101100001 (  60)                 ADD   R5 R5 #1
(3025) E01B  1110000000011011 (  61)                 LEA   R0 YESMSG
(3026) 0E02  0000111000000010 (  62)                 BRNZP DONE
(3027) 5B60  0101101101100000 (  65) NO              AND   R5 R5 #0
(3028) E033  1110000000110011 (  66)                 LEA   R0 NOMSG
(3029) F022  1111000000100010 (  68) DONE            TRAP  x22
(302A) F025  1111000000100101 (  69)                 TRAP  x25
(302B) 5000  0101000000000000 (  71) PTR             .FILL x5000
(302C) 000A  0000000000001010 (  72) NLINE           .FILL x000A
(302D) 0045  0000000001000101 (  73) STRTMSG         .FILL x0045
(302E) 006E  0000000001101110 (  73)                 .FILL x006E
(302F) 0074  0000000001110100 (  73)                 .FILL x0074
(3030) 0065  0000000001100101 (  73)                 .FILL x0065
(3031) 0072  0000000001110010 (  73)                 .FILL x0072
(3032) 0020  0000000000100000 (  73)                 .FILL x0020
(3033) 0069  0000000001101001 (  73)                 .FILL x0069
(3034) 006E  0000000001101110 (  73)                 .FILL x006E
(3035) 0020  0000000000100000 (  73)                 .FILL x0020
(3036) 0061  0000000001100001 (  73)                 .FILL x0061
(3037) 0020  0000000000100000 (  73)                 .FILL x0020
(3038) 0073  0000000001110011 (  73)                 .FILL x0073
(3039) 0074  0000000001110100 (  73)                 .FILL x0074
(303A) 0072  0000000001110010 (  73)                 .FILL x0072
(303B) 0069  0000000001101001 (  73)                 .FILL x0069
(303C) 006E  0000000001101110 (  73)                 .FILL x006E
(303D) 0067  0000000001100111 (  73)                 .FILL x0067
(303E) 003A  0000000000111010 (  73)                 .FILL x003A
(303F) 0020  0000000000100000 (  73)                 .FILL x0020
(3040) 0000  0000000000000000 (  73)                 .FILL x0000
(3041) 0054  0000000001010100 (  74) YESMSG          .FILL x0054
(3042) 0068  0000000001101000 (  74)                 .FILL x0068
(3043) 0065  0000000001100101 (  74)                 .FILL x0065
(3044) 0020  0000000000100000 (  74)                 .FILL x0020
(3045) 0073  0000000001110011 (  74)                 .FILL x0073
(3046) 0074  0000000001110100 (  74)                 .FILL x0074
(3047) 0072  0000000001110010 (  74)                 .FILL x0072
(3048) 0069  0000000001101001 (  74)                 .FILL x0069
(3049) 006E  0000000001101110 (  74)                 .FILL x006E
(304A) 0067  0000000001100111 (  74)                 .FILL x0067
(304B) 0020  0000000000100000 (  74)                 .FILL x0020
(304C) 0069  0000000001101001 (  74)                 .FILL x0069
(304D) 0073  0000000001110011 (  74)                 .FILL x0073
(304E) 0020  0000000000100000 (  74)                 .FILL x0020
(304F) 0061  0000000001100001 (  74)                 .FILL x0061
(3050) 0020  0000000000100000 (  74)                 .FILL x0020
(3051) 0070  0000000001110000 (  74)                 .FILL x0070
(3052) 0061  0000000001100001 (  74)                 .FILL x0061
(3053) 006C  0000000001101100 (  74)                 .FILL x006C
(3054) 0069  0000000001101001 (  74)                 .FILL x0069
(3055) 006E  0000000001101110 (  74)                 .FILL x006E
(3056) 0064  0000000001100100 (  74)                 .FILL x0064
(3057) 0072  0000000001110010 (  74)                 .FILL x0072
(3058) 006F  0000000001101111 (  74)                 .FILL x006F
(3059) 006D  0000000001101101 (  74)                 .FILL x006D
(305A) 0065  0000000001100101 (  74)                 .FILL x0065
(305B) 0000  0000000000000000 (  74)                 .FILL x0000
(305C) 0054  0000000001010100 (  75) NOMSG           .FILL x0054
(305D) 0068  0000000001101000 (  75)                 .FILL x0068
(305E) 0065  0000000001100101 (  75)                 .FILL x0065
(305F) 0020  0000000000100000 (  75)                 .FILL x0020
(3060) 0073  0000000001110011 (  75)                 .FILL x0073
(3061) 0074  0000000001110100 (  75)                 .FILL x0074
(3062) 0072  0000000001110010 (  75)                 .FILL x0072
(3063) 0069  0000000001101001 (  75)                 .FILL x0069
(3064) 006E  0000000001101110 (  75)                 .FILL x006E
(3065) 0067  0000000001100111 (  75)                 .FILL x0067
(3066) 0020  0000000000100000 (  75)                 .FILL x0020
(3067) 0069  0000000001101001 (  75)                 .FILL x0069
(3068) 0073  0000000001110011 (  75)                 .FILL x0073
(3069) 0020  0000000000100000 (  75)                 .FILL x0020
(306A) 006E  0000000001101110 (  75)                 .FILL x006E
(306B) 006F  0000000001101111 (  75)                 .FILL x006F
(306C) 0074  0000000001110100 (  75)                 .FILL x0074
(306D) 0020  0000000000100000 (  75)                 .FILL x0020
(306E) 0061  0000000001100001 (  75)                 .FILL x0061
(306F) 0020  0000000000100000 (  75)                 .FILL x0020
(3070) 0070  0000000001110000 (  75)                 .FILL x0070
(3071) 0061  0000000001100001 (  75)                 .FILL x0061
(3072) 006C  0000000001101100 (  75)                 .FILL x006C
(3073) 0069  0000000001101001 (  75)                 .FILL x0069
(3074) 006E  0000000001101110 (  75)                 .FILL x006E
(3075) 0064  0000000001100100 (  75)                 .FILL x0064
(3076) 0072  0000000001110010 (  75)                 .FILL x0072
(3077) 006F  0000000001101111 (  75)                 .FILL x006F
(3078) 006D  0000000001101101 (  75)                 .FILL x006D
(3079) 0065  0000000001100101 (  75)                 .FILL x0065
(307A) 0000  0000000000000000 (  75)                 .FILL x0000
