(0000) 3000  0011000000000000 (   7)                 .ORIG x3000
(3000) 2018  0010000000011000 (   9)                 LD    R0 PTR
(3001) 1220  0001001000100000 (  10)                 ADD   R1 R0 #0
(3002) 6440  0110010001000000 (  15) AGAIN           LDR   R2 R1 #0
(3003) 0402  0000010000000010 (  16)                 BRZ   CONT
(3004) 1261  0001001001100001 (  17)                 ADD   R1 R1 #1
(3005) 0FFC  0000111111111100 (  18)                 BRNZP AGAIN
(3006) 127F  0001001001111111 (  20) CONT            ADD   R1 R1 #-1
(3007) 6600  0110011000000000 (  21) LOOP            LDR   R3 R0 #0
(3008) 6840  0110100001000000 (  22)                 LDR   R4 R1 #0
(3009) 993F  1001100100111111 (  26)                 NOT   R4 R4
(300A) 1921  0001100100100001 (  27)                 ADD   R4 R4 #1
(300B) 16C4  0001011011000100 (  28)                 ADD   R3 R3 R4
(300C) 0A0A  0000101000001010 (  29)                 BRNP  NO
(300D) 1021  0001000000100001 (  30)                 ADD   R0 R0 #1
(300E) 127F  0001001001111111 (  31)                 ADD   R1 R1 #-1
(300F) 943F  1001010000111111 (  35)                 NOT   R2 R0
(3010) 14A1  0001010010100001 (  36)                 ADD   R2 R2 #1
(3011) 1442  0001010001000010 (  37)                 ADD   R2 R1 R2
(3012) 0C01  0000110000000001 (  38)                 BRNZ  YES
(3013) 0FF3  0000111111110011 (  39)                 BRNZP LOOP
(3014) 5B60  0101101101100000 (  42) YES             AND   R5 R5 #0
(3015) 1B61  0001101101100001 (  43)                 ADD   R5 R5 #1
(3016) 0E01  0000111000000001 (  44)                 BRNZP DONE
(3017) 5B60  0101101101100000 (  47) NO              AND   R5 R5 #0
(3018) F025  1111000000100101 (  49) DONE            TRAP  x25
(3019) 5000  0101000000000000 (  51) PTR             .FILL x5000
